[main] INFO  octavius  - URL is opened in the browser
  [main] INFO  octavius  - Entered email address
  [main] INFO  octavius  - Entered password
  [main] INFO  octavius  - Login test passed
  [main] INFO  octavius  - URL is opened in the browser
  [main] INFO  octavius  - Entered email address
  [main] INFO  octavius  - Entered password
  [main] INFO  octavius  - Login test passed
  [main] INFO  octavius  - URL is opened
  [main] INFO  octavius  - Entered email address
  [main] INFO  octavius  - Entered password
  [main] INFO  octavius  - URL is opened
  [main] INFO  octavius  - Entered email address
  [main] INFO  octavius  - Entered password
  [main] INFO  octavius  - URL is opened
  [main] INFO  octavius  - Entered email address
  [main] INFO  octavius  - Entered password
  [main] INFO  octavius  - URL is opened
  [main] INFO  octavius  - Entered email address
  [main] INFO  octavius  - Entered password
  [main] INFO  octavius  - URL is opened
  [main] INFO  octavius  - Entered email address
  [main] INFO  octavius  - Entered password
  [main] INFO  octavius  - URL is opened
  [main] INFO  octavius  - Entered email address
  [main] INFO  octavius  - Entered password
  [main] INFO  octavius  - URL is opened
  [main] INFO  octavius  - Entered email address
  [main] INFO  octavius  - Entered password
  [main] INFO  octavius  - URL is opened
  [main] INFO  octavius  - Entered email address
  [main] INFO  octavius  - Entered password
  [main] INFO  octavius  - URL is opened
  [main] INFO  octavius  - Entered email address
  [main] INFO  octavius  - Entered password
  [main] INFO  octavius  - URL is opened
  [main] INFO  octavius  - Entered email address
  [main] INFO  octavius  - Entered password
  [main] INFO  octavius  - Login test passed
  [main] INFO  octavius  - URL is opened
  [main] INFO  octavius  - Entered email address
  [main] INFO  octavius  - Entered password
  [main] INFO  octavius  - Login test passed
  [main] INFO  octavius  - URL is opened
  [main] INFO  octavius  - Entered email address
  [main] INFO  octavius  - Entered password
  [main] INFO  octavius  - Login test passed
  [main] INFO  octavius  - URL is opened
  [main] INFO  octavius  - Entered email address
  [main] INFO  octavius  - Entered password
  [main] INFO  octavius  - Login test passed
  [main] DEBUG freemarker.cache  - Couldn't find template in cache for "index.ftl"("en", UTF-8, parsed); will try to load it.
  [main] DEBUG freemarker.cache  - TemplateLoader.findTemplateSource("index_en.ftl"): Not found
  [main] DEBUG freemarker.cache  - TemplateLoader.findTemplateSource("index.ftl"): Found
  [main] DEBUG freemarker.cache  - Loading template for "index.ftl"("en", UTF-8, parsed) from "jar:file:/C:/Users/admin/.m2/repository/com/aventstack/extentreports/3.1.5/extentreports-3.1.5.jar!/com/aventstack/extentreports/view/html-report/index.ftl"
  [main] DEBUG freemarker.cache  - Couldn't find template in cache for "head.ftl"("en", UTF-8, parsed); will try to load it.
  [main] DEBUG freemarker.cache  - TemplateLoader.findTemplateSource("head_en.ftl"): Not found
  [main] DEBUG freemarker.cache  - TemplateLoader.findTemplateSource("head.ftl"): Found
  [main] DEBUG freemarker.cache  - Loading template for "head.ftl"("en", UTF-8, parsed) from "jar:file:/C:/Users/admin/.m2/repository/com/aventstack/extentreports/3.1.5/extentreports-3.1.5.jar!/com/aventstack/extentreports/view/html-report/head.ftl"
  [main] DEBUG freemarker.cache  - Couldn't find template in cache for "nav.ftl"("en", UTF-8, parsed); will try to load it.
  [main] DEBUG freemarker.cache  - TemplateLoader.findTemplateSource("nav_en.ftl"): Not found
  [main] DEBUG freemarker.cache  - TemplateLoader.findTemplateSource("nav.ftl"): Found
  [main] DEBUG freemarker.cache  - Loading template for "nav.ftl"("en", UTF-8, parsed) from "jar:file:/C:/Users/admin/.m2/repository/com/aventstack/extentreports/3.1.5/extentreports-3.1.5.jar!/com/aventstack/extentreports/view/html-report/nav.ftl"
  [main] DEBUG freemarker.cache  - Couldn't find template in cache for "test-view/test-view.ftl"("en", UTF-8, parsed); will try to load it.
  [main] DEBUG freemarker.cache  - TemplateLoader.findTemplateSource("test-view/test-view_en.ftl"): Not found
  [main] DEBUG freemarker.cache  - TemplateLoader.findTemplateSource("test-view/test-view.ftl"): Found
  [main] DEBUG freemarker.cache  - Loading template for "test-view/test-view.ftl"("en", UTF-8, parsed) from "jar:file:/C:/Users/admin/.m2/repository/com/aventstack/extentreports/3.1.5/extentreports-3.1.5.jar!/com/aventstack/extentreports/view/html-report/test-view/test-view.ftl"
  [main] DEBUG freemarker.cache  - Couldn't find template in cache for "test-view/test-view-charts.ftl"("en", UTF-8, parsed); will try to load it.
  [main] DEBUG freemarker.cache  - TemplateLoader.findTemplateSource("test-view/test-view-charts_en.ftl"): Not found
  [main] DEBUG freemarker.cache  - TemplateLoader.findTemplateSource("test-view/test-view-charts.ftl"): Found
  [main] DEBUG freemarker.cache  - Loading template for "test-view/test-view-charts.ftl"("en", UTF-8, parsed) from "jar:file:/C:/Users/admin/.m2/repository/com/aventstack/extentreports/3.1.5/extentreports-3.1.5.jar!/com/aventstack/extentreports/view/html-report/test-view/test-view-charts.ftl"
  [main] DEBUG freemarker.cache  - Couldn't find template in cache for "test-view/standard.ftl"("en", UTF-8, parsed); will try to load it.
  [main] DEBUG freemarker.cache  - TemplateLoader.findTemplateSource("test-view/standard_en.ftl"): Not found
  [main] DEBUG freemarker.cache  - TemplateLoader.findTemplateSource("test-view/standard.ftl"): Found
  [main] DEBUG freemarker.cache  - Loading template for "test-view/standard.ftl"("en", UTF-8, parsed) from "jar:file:/C:/Users/admin/.m2/repository/com/aventstack/extentreports/3.1.5/extentreports-3.1.5.jar!/com/aventstack/extentreports/view/html-report/test-view/standard.ftl"
  [main] DEBUG freemarker.cache  - Couldn't find template in cache for "category-view/category-view.ftl"("en", UTF-8, parsed); will try to load it.
  [main] DEBUG freemarker.cache  - TemplateLoader.findTemplateSource("category-view/category-view_en.ftl"): Not found
  [main] DEBUG freemarker.cache  - TemplateLoader.findTemplateSource("category-view/category-view.ftl"): Found
  [main] DEBUG freemarker.cache  - Loading template for "category-view/category-view.ftl"("en", UTF-8, parsed) from "jar:file:/C:/Users/admin/.m2/repository/com/aventstack/extentreports/3.1.5/extentreports-3.1.5.jar!/com/aventstack/extentreports/view/html-report/category-view/category-view.ftl"
  [main] DEBUG freemarker.cache  - Couldn't find template in cache for "author-view/author-view.ftl"("en", UTF-8, parsed); will try to load it.
  [main] DEBUG freemarker.cache  - TemplateLoader.findTemplateSource("author-view/author-view_en.ftl"): Not found
  [main] DEBUG freemarker.cache  - TemplateLoader.findTemplateSource("author-view/author-view.ftl"): Found
  [main] DEBUG freemarker.cache  - Loading template for "author-view/author-view.ftl"("en", UTF-8, parsed) from "jar:file:/C:/Users/admin/.m2/repository/com/aventstack/extentreports/3.1.5/extentreports-3.1.5.jar!/com/aventstack/extentreports/view/html-report/author-view/author-view.ftl"
  [main] DEBUG freemarker.cache  - Couldn't find template in cache for "exception-view/exception-view.ftl"("en", UTF-8, parsed); will try to load it.
  [main] DEBUG freemarker.cache  - TemplateLoader.findTemplateSource("exception-view/exception-view_en.ftl"): Not found
  [main] DEBUG freemarker.cache  - TemplateLoader.findTemplateSource("exception-view/exception-view.ftl"): Found
  [main] DEBUG freemarker.cache  - Loading template for "exception-view/exception-view.ftl"("en", UTF-8, parsed) from "jar:file:/C:/Users/admin/.m2/repository/com/aventstack/extentreports/3.1.5/extentreports-3.1.5.jar!/com/aventstack/extentreports/view/html-report/exception-view/exception-view.ftl"
  [main] DEBUG freemarker.cache  - Couldn't find template in cache for "dashboard-view/dashboard-view.ftl"("en", UTF-8, parsed); will try to load it.
  [main] DEBUG freemarker.cache  - TemplateLoader.findTemplateSource("dashboard-view/dashboard-view_en.ftl"): Not found
  [main] DEBUG freemarker.cache  - TemplateLoader.findTemplateSource("dashboard-view/dashboard-view.ftl"): Found
  [main] DEBUG freemarker.cache  - Loading template for "dashboard-view/dashboard-view.ftl"("en", UTF-8, parsed) from "jar:file:/C:/Users/admin/.m2/repository/com/aventstack/extentreports/3.1.5/extentreports-3.1.5.jar!/com/aventstack/extentreports/view/html-report/dashboard-view/dashboard-view.ftl"
  [main] DEBUG freemarker.cache  - Couldn't find template in cache for "logs-view/testrunner-logs-view.ftl"("en", UTF-8, parsed); will try to load it.
  [main] DEBUG freemarker.cache  - TemplateLoader.findTemplateSource("logs-view/testrunner-logs-view_en.ftl"): Not found
  [main] DEBUG freemarker.cache  - TemplateLoader.findTemplateSource("logs-view/testrunner-logs-view.ftl"): Found
  [main] DEBUG freemarker.cache  - Loading template for "logs-view/testrunner-logs-view.ftl"("en", UTF-8, parsed) from "jar:file:/C:/Users/admin/.m2/repository/com/aventstack/extentreports/3.1.5/extentreports-3.1.5.jar!/com/aventstack/extentreports/view/html-report/logs-view/testrunner-logs-view.ftl"
  [main] INFO  octavius  - URL is opened
  [main] INFO  octavius  - Entered email address
  [main] INFO  octavius  - Entered password
  [main] INFO  octavius  - Login test passed
  [main] DEBUG freemarker.cache  - Couldn't find template in cache for "index.ftl"("en", UTF-8, parsed); will try to load it.
  [main] DEBUG freemarker.cache  - TemplateLoader.findTemplateSource("index_en.ftl"): Not found
  [main] DEBUG freemarker.cache  - TemplateLoader.findTemplateSource("index.ftl"): Found
  [main] DEBUG freemarker.cache  - Loading template for "index.ftl"("en", UTF-8, parsed) from "jar:file:/C:/Users/admin/.m2/repository/com/aventstack/extentreports/3.1.5/extentreports-3.1.5.jar!/com/aventstack/extentreports/view/html-report/index.ftl"
  [main] DEBUG freemarker.cache  - Couldn't find template in cache for "head.ftl"("en", UTF-8, parsed); will try to load it.
  [main] DEBUG freemarker.cache  - TemplateLoader.findTemplateSource("head_en.ftl"): Not found
  [main] DEBUG freemarker.cache  - TemplateLoader.findTemplateSource("head.ftl"): Found
  [main] DEBUG freemarker.cache  - Loading template for "head.ftl"("en", UTF-8, parsed) from "jar:file:/C:/Users/admin/.m2/repository/com/aventstack/extentreports/3.1.5/extentreports-3.1.5.jar!/com/aventstack/extentreports/view/html-report/head.ftl"
  [main] DEBUG freemarker.cache  - Couldn't find template in cache for "nav.ftl"("en", UTF-8, parsed); will try to load it.
  [main] DEBUG freemarker.cache  - TemplateLoader.findTemplateSource("nav_en.ftl"): Not found
  [main] DEBUG freemarker.cache  - TemplateLoader.findTemplateSource("nav.ftl"): Found
  [main] DEBUG freemarker.cache  - Loading template for "nav.ftl"("en", UTF-8, parsed) from "jar:file:/C:/Users/admin/.m2/repository/com/aventstack/extentreports/3.1.5/extentreports-3.1.5.jar!/com/aventstack/extentreports/view/html-report/nav.ftl"
  [main] DEBUG freemarker.cache  - Couldn't find template in cache for "test-view/test-view.ftl"("en", UTF-8, parsed); will try to load it.
  [main] DEBUG freemarker.cache  - TemplateLoader.findTemplateSource("test-view/test-view_en.ftl"): Not found
  [main] DEBUG freemarker.cache  - TemplateLoader.findTemplateSource("test-view/test-view.ftl"): Found
  [main] DEBUG freemarker.cache  - Loading template for "test-view/test-view.ftl"("en", UTF-8, parsed) from "jar:file:/C:/Users/admin/.m2/repository/com/aventstack/extentreports/3.1.5/extentreports-3.1.5.jar!/com/aventstack/extentreports/view/html-report/test-view/test-view.ftl"
  [main] DEBUG freemarker.cache  - Couldn't find template in cache for "test-view/test-view-charts.ftl"("en", UTF-8, parsed); will try to load it.
  [main] DEBUG freemarker.cache  - TemplateLoader.findTemplateSource("test-view/test-view-charts_en.ftl"): Not found
  [main] DEBUG freemarker.cache  - TemplateLoader.findTemplateSource("test-view/test-view-charts.ftl"): Found
  [main] DEBUG freemarker.cache  - Loading template for "test-view/test-view-charts.ftl"("en", UTF-8, parsed) from "jar:file:/C:/Users/admin/.m2/repository/com/aventstack/extentreports/3.1.5/extentreports-3.1.5.jar!/com/aventstack/extentreports/view/html-report/test-view/test-view-charts.ftl"
  [main] DEBUG freemarker.cache  - Couldn't find template in cache for "test-view/standard.ftl"("en", UTF-8, parsed); will try to load it.
  [main] DEBUG freemarker.cache  - TemplateLoader.findTemplateSource("test-view/standard_en.ftl"): Not found
  [main] DEBUG freemarker.cache  - TemplateLoader.findTemplateSource("test-view/standard.ftl"): Found
  [main] DEBUG freemarker.cache  - Loading template for "test-view/standard.ftl"("en", UTF-8, parsed) from "jar:file:/C:/Users/admin/.m2/repository/com/aventstack/extentreports/3.1.5/extentreports-3.1.5.jar!/com/aventstack/extentreports/view/html-report/test-view/standard.ftl"
  [main] DEBUG freemarker.cache  - Couldn't find template in cache for "category-view/category-view.ftl"("en", UTF-8, parsed); will try to load it.
  [main] DEBUG freemarker.cache  - TemplateLoader.findTemplateSource("category-view/category-view_en.ftl"): Not found
  [main] DEBUG freemarker.cache  - TemplateLoader.findTemplateSource("category-view/category-view.ftl"): Found
  [main] DEBUG freemarker.cache  - Loading template for "category-view/category-view.ftl"("en", UTF-8, parsed) from "jar:file:/C:/Users/admin/.m2/repository/com/aventstack/extentreports/3.1.5/extentreports-3.1.5.jar!/com/aventstack/extentreports/view/html-report/category-view/category-view.ftl"
  [main] DEBUG freemarker.cache  - Couldn't find template in cache for "author-view/author-view.ftl"("en", UTF-8, parsed); will try to load it.
  [main] DEBUG freemarker.cache  - TemplateLoader.findTemplateSource("author-view/author-view_en.ftl"): Not found
  [main] DEBUG freemarker.cache  - TemplateLoader.findTemplateSource("author-view/author-view.ftl"): Found
  [main] DEBUG freemarker.cache  - Loading template for "author-view/author-view.ftl"("en", UTF-8, parsed) from "jar:file:/C:/Users/admin/.m2/repository/com/aventstack/extentreports/3.1.5/extentreports-3.1.5.jar!/com/aventstack/extentreports/view/html-report/author-view/author-view.ftl"
  [main] DEBUG freemarker.cache  - Couldn't find template in cache for "exception-view/exception-view.ftl"("en", UTF-8, parsed); will try to load it.
  [main] DEBUG freemarker.cache  - TemplateLoader.findTemplateSource("exception-view/exception-view_en.ftl"): Not found
  [main] DEBUG freemarker.cache  - TemplateLoader.findTemplateSource("exception-view/exception-view.ftl"): Found
  [main] DEBUG freemarker.cache  - Loading template for "exception-view/exception-view.ftl"("en", UTF-8, parsed) from "jar:file:/C:/Users/admin/.m2/repository/com/aventstack/extentreports/3.1.5/extentreports-3.1.5.jar!/com/aventstack/extentreports/view/html-report/exception-view/exception-view.ftl"
  [main] DEBUG freemarker.cache  - Couldn't find template in cache for "dashboard-view/dashboard-view.ftl"("en", UTF-8, parsed); will try to load it.
  [main] DEBUG freemarker.cache  - TemplateLoader.findTemplateSource("dashboard-view/dashboard-view_en.ftl"): Not found
  [main] DEBUG freemarker.cache  - TemplateLoader.findTemplateSource("dashboard-view/dashboard-view.ftl"): Found
  [main] DEBUG freemarker.cache  - Loading template for "dashboard-view/dashboard-view.ftl"("en", UTF-8, parsed) from "jar:file:/C:/Users/admin/.m2/repository/com/aventstack/extentreports/3.1.5/extentreports-3.1.5.jar!/com/aventstack/extentreports/view/html-report/dashboard-view/dashboard-view.ftl"
  [main] DEBUG freemarker.cache  - Couldn't find template in cache for "logs-view/testrunner-logs-view.ftl"("en", UTF-8, parsed); will try to load it.
  [main] DEBUG freemarker.cache  - TemplateLoader.findTemplateSource("logs-view/testrunner-logs-view_en.ftl"): Not found
  [main] DEBUG freemarker.cache  - TemplateLoader.findTemplateSource("logs-view/testrunner-logs-view.ftl"): Found
  [main] DEBUG freemarker.cache  - Loading template for "logs-view/testrunner-logs-view.ftl"("en", UTF-8, parsed) from "jar:file:/C:/Users/admin/.m2/repository/com/aventstack/extentreports/3.1.5/extentreports-3.1.5.jar!/com/aventstack/extentreports/view/html-report/logs-view/testrunner-logs-view.ftl"
  [main] INFO  octavius  - URL is opened
  [main] INFO  octavius  - Entered email address
  [main] INFO  octavius  - Entered password
  [main] DEBUG freemarker.cache  - Couldn't find template in cache for "index.ftl"("en", UTF-8, parsed); will try to load it.
  [main] DEBUG freemarker.cache  - TemplateLoader.findTemplateSource("index_en.ftl"): Not found
  [main] DEBUG freemarker.cache  - TemplateLoader.findTemplateSource("index.ftl"): Found
  [main] DEBUG freemarker.cache  - Loading template for "index.ftl"("en", UTF-8, parsed) from "jar:file:/C:/Users/admin/.m2/repository/com/aventstack/extentreports/3.1.5/extentreports-3.1.5.jar!/com/aventstack/extentreports/view/html-report/index.ftl"
  [main] DEBUG freemarker.cache  - Couldn't find template in cache for "head.ftl"("en", UTF-8, parsed); will try to load it.
  [main] DEBUG freemarker.cache  - TemplateLoader.findTemplateSource("head_en.ftl"): Not found
  [main] DEBUG freemarker.cache  - TemplateLoader.findTemplateSource("head.ftl"): Found
  [main] DEBUG freemarker.cache  - Loading template for "head.ftl"("en", UTF-8, parsed) from "jar:file:/C:/Users/admin/.m2/repository/com/aventstack/extentreports/3.1.5/extentreports-3.1.5.jar!/com/aventstack/extentreports/view/html-report/head.ftl"
  [main] DEBUG freemarker.cache  - Couldn't find template in cache for "nav.ftl"("en", UTF-8, parsed); will try to load it.
  [main] DEBUG freemarker.cache  - TemplateLoader.findTemplateSource("nav_en.ftl"): Not found
  [main] DEBUG freemarker.cache  - TemplateLoader.findTemplateSource("nav.ftl"): Found
  [main] DEBUG freemarker.cache  - Loading template for "nav.ftl"("en", UTF-8, parsed) from "jar:file:/C:/Users/admin/.m2/repository/com/aventstack/extentreports/3.1.5/extentreports-3.1.5.jar!/com/aventstack/extentreports/view/html-report/nav.ftl"
  [main] DEBUG freemarker.cache  - Couldn't find template in cache for "test-view/test-view.ftl"("en", UTF-8, parsed); will try to load it.
  [main] DEBUG freemarker.cache  - TemplateLoader.findTemplateSource("test-view/test-view_en.ftl"): Not found
  [main] DEBUG freemarker.cache  - TemplateLoader.findTemplateSource("test-view/test-view.ftl"): Found
  [main] DEBUG freemarker.cache  - Loading template for "test-view/test-view.ftl"("en", UTF-8, parsed) from "jar:file:/C:/Users/admin/.m2/repository/com/aventstack/extentreports/3.1.5/extentreports-3.1.5.jar!/com/aventstack/extentreports/view/html-report/test-view/test-view.ftl"
  [main] DEBUG freemarker.cache  - Couldn't find template in cache for "test-view/test-view-charts.ftl"("en", UTF-8, parsed); will try to load it.
  [main] DEBUG freemarker.cache  - TemplateLoader.findTemplateSource("test-view/test-view-charts_en.ftl"): Not found
  [main] DEBUG freemarker.cache  - TemplateLoader.findTemplateSource("test-view/test-view-charts.ftl"): Found
  [main] DEBUG freemarker.cache  - Loading template for "test-view/test-view-charts.ftl"("en", UTF-8, parsed) from "jar:file:/C:/Users/admin/.m2/repository/com/aventstack/extentreports/3.1.5/extentreports-3.1.5.jar!/com/aventstack/extentreports/view/html-report/test-view/test-view-charts.ftl"
  [main] DEBUG freemarker.cache  - Couldn't find template in cache for "test-view/standard.ftl"("en", UTF-8, parsed); will try to load it.
  [main] DEBUG freemarker.cache  - TemplateLoader.findTemplateSource("test-view/standard_en.ftl"): Not found
  [main] DEBUG freemarker.cache  - TemplateLoader.findTemplateSource("test-view/standard.ftl"): Found
  [main] DEBUG freemarker.cache  - Loading template for "test-view/standard.ftl"("en", UTF-8, parsed) from "jar:file:/C:/Users/admin/.m2/repository/com/aventstack/extentreports/3.1.5/extentreports-3.1.5.jar!/com/aventstack/extentreports/view/html-report/test-view/standard.ftl"
  [main] DEBUG freemarker.cache  - Couldn't find template in cache for "category-view/category-view.ftl"("en", UTF-8, parsed); will try to load it.
  [main] DEBUG freemarker.cache  - TemplateLoader.findTemplateSource("category-view/category-view_en.ftl"): Not found
  [main] DEBUG freemarker.cache  - TemplateLoader.findTemplateSource("category-view/category-view.ftl"): Found
  [main] DEBUG freemarker.cache  - Loading template for "category-view/category-view.ftl"("en", UTF-8, parsed) from "jar:file:/C:/Users/admin/.m2/repository/com/aventstack/extentreports/3.1.5/extentreports-3.1.5.jar!/com/aventstack/extentreports/view/html-report/category-view/category-view.ftl"
  [main] DEBUG freemarker.cache  - Couldn't find template in cache for "author-view/author-view.ftl"("en", UTF-8, parsed); will try to load it.
  [main] DEBUG freemarker.cache  - TemplateLoader.findTemplateSource("author-view/author-view_en.ftl"): Not found
  [main] DEBUG freemarker.cache  - TemplateLoader.findTemplateSource("author-view/author-view.ftl"): Found
  [main] DEBUG freemarker.cache  - Loading template for "author-view/author-view.ftl"("en", UTF-8, parsed) from "jar:file:/C:/Users/admin/.m2/repository/com/aventstack/extentreports/3.1.5/extentreports-3.1.5.jar!/com/aventstack/extentreports/view/html-report/author-view/author-view.ftl"
  [main] DEBUG freemarker.cache  - Couldn't find template in cache for "exception-view/exception-view.ftl"("en", UTF-8, parsed); will try to load it.
  [main] DEBUG freemarker.cache  - TemplateLoader.findTemplateSource("exception-view/exception-view_en.ftl"): Not found
  [main] DEBUG freemarker.cache  - TemplateLoader.findTemplateSource("exception-view/exception-view.ftl"): Found
  [main] DEBUG freemarker.cache  - Loading template for "exception-view/exception-view.ftl"("en", UTF-8, parsed) from "jar:file:/C:/Users/admin/.m2/repository/com/aventstack/extentreports/3.1.5/extentreports-3.1.5.jar!/com/aventstack/extentreports/view/html-report/exception-view/exception-view.ftl"
  [main] DEBUG freemarker.cache  - Couldn't find template in cache for "dashboard-view/dashboard-view.ftl"("en", UTF-8, parsed); will try to load it.
  [main] DEBUG freemarker.cache  - TemplateLoader.findTemplateSource("dashboard-view/dashboard-view_en.ftl"): Not found
  [main] DEBUG freemarker.cache  - TemplateLoader.findTemplateSource("dashboard-view/dashboard-view.ftl"): Found
  [main] DEBUG freemarker.cache  - Loading template for "dashboard-view/dashboard-view.ftl"("en", UTF-8, parsed) from "jar:file:/C:/Users/admin/.m2/repository/com/aventstack/extentreports/3.1.5/extentreports-3.1.5.jar!/com/aventstack/extentreports/view/html-report/dashboard-view/dashboard-view.ftl"
  [main] DEBUG freemarker.cache  - Couldn't find template in cache for "logs-view/testrunner-logs-view.ftl"("en", UTF-8, parsed); will try to load it.
  [main] DEBUG freemarker.cache  - TemplateLoader.findTemplateSource("logs-view/testrunner-logs-view_en.ftl"): Not found
  [main] DEBUG freemarker.cache  - TemplateLoader.findTemplateSource("logs-view/testrunner-logs-view.ftl"): Found
  [main] DEBUG freemarker.cache  - Loading template for "logs-view/testrunner-logs-view.ftl"("en", UTF-8, parsed) from "jar:file:/C:/Users/admin/.m2/repository/com/aventstack/extentreports/3.1.5/extentreports-3.1.5.jar!/com/aventstack/extentreports/view/html-report/logs-view/testrunner-logs-view.ftl"
  [main] INFO  octavius  - URL is opened
  [main] INFO  octavius  - Entered email address
  [main] INFO  octavius  - Entered password
  [main] DEBUG freemarker.cache  - Couldn't find template in cache for "index.ftl"("en", UTF-8, parsed); will try to load it.
  [main] DEBUG freemarker.cache  - TemplateLoader.findTemplateSource("index_en.ftl"): Not found
  [main] DEBUG freemarker.cache  - TemplateLoader.findTemplateSource("index.ftl"): Found
  [main] DEBUG freemarker.cache  - Loading template for "index.ftl"("en", UTF-8, parsed) from "jar:file:/C:/Users/admin/.m2/repository/com/aventstack/extentreports/3.1.5/extentreports-3.1.5.jar!/com/aventstack/extentreports/view/html-report/index.ftl"
  [main] DEBUG freemarker.cache  - Couldn't find template in cache for "head.ftl"("en", UTF-8, parsed); will try to load it.
  [main] DEBUG freemarker.cache  - TemplateLoader.findTemplateSource("head_en.ftl"): Not found
  [main] DEBUG freemarker.cache  - TemplateLoader.findTemplateSource("head.ftl"): Found
  [main] DEBUG freemarker.cache  - Loading template for "head.ftl"("en", UTF-8, parsed) from "jar:file:/C:/Users/admin/.m2/repository/com/aventstack/extentreports/3.1.5/extentreports-3.1.5.jar!/com/aventstack/extentreports/view/html-report/head.ftl"
  [main] DEBUG freemarker.cache  - Couldn't find template in cache for "nav.ftl"("en", UTF-8, parsed); will try to load it.
  [main] DEBUG freemarker.cache  - TemplateLoader.findTemplateSource("nav_en.ftl"): Not found
  [main] DEBUG freemarker.cache  - TemplateLoader.findTemplateSource("nav.ftl"): Found
  [main] DEBUG freemarker.cache  - Loading template for "nav.ftl"("en", UTF-8, parsed) from "jar:file:/C:/Users/admin/.m2/repository/com/aventstack/extentreports/3.1.5/extentreports-3.1.5.jar!/com/aventstack/extentreports/view/html-report/nav.ftl"
  [main] DEBUG freemarker.cache  - Couldn't find template in cache for "test-view/test-view.ftl"("en", UTF-8, parsed); will try to load it.
  [main] DEBUG freemarker.cache  - TemplateLoader.findTemplateSource("test-view/test-view_en.ftl"): Not found
  [main] DEBUG freemarker.cache  - TemplateLoader.findTemplateSource("test-view/test-view.ftl"): Found
  [main] DEBUG freemarker.cache  - Loading template for "test-view/test-view.ftl"("en", UTF-8, parsed) from "jar:file:/C:/Users/admin/.m2/repository/com/aventstack/extentreports/3.1.5/extentreports-3.1.5.jar!/com/aventstack/extentreports/view/html-report/test-view/test-view.ftl"
  [main] DEBUG freemarker.cache  - Couldn't find template in cache for "test-view/test-view-charts.ftl"("en", UTF-8, parsed); will try to load it.
  [main] DEBUG freemarker.cache  - TemplateLoader.findTemplateSource("test-view/test-view-charts_en.ftl"): Not found
  [main] DEBUG freemarker.cache  - TemplateLoader.findTemplateSource("test-view/test-view-charts.ftl"): Found
  [main] DEBUG freemarker.cache  - Loading template for "test-view/test-view-charts.ftl"("en", UTF-8, parsed) from "jar:file:/C:/Users/admin/.m2/repository/com/aventstack/extentreports/3.1.5/extentreports-3.1.5.jar!/com/aventstack/extentreports/view/html-report/test-view/test-view-charts.ftl"
  [main] DEBUG freemarker.cache  - Couldn't find template in cache for "test-view/standard.ftl"("en", UTF-8, parsed); will try to load it.
  [main] DEBUG freemarker.cache  - TemplateLoader.findTemplateSource("test-view/standard_en.ftl"): Not found
  [main] DEBUG freemarker.cache  - TemplateLoader.findTemplateSource("test-view/standard.ftl"): Found
  [main] DEBUG freemarker.cache  - Loading template for "test-view/standard.ftl"("en", UTF-8, parsed) from "jar:file:/C:/Users/admin/.m2/repository/com/aventstack/extentreports/3.1.5/extentreports-3.1.5.jar!/com/aventstack/extentreports/view/html-report/test-view/standard.ftl"
  [main] DEBUG freemarker.cache  - Couldn't find template in cache for "category-view/category-view.ftl"("en", UTF-8, parsed); will try to load it.
  [main] DEBUG freemarker.cache  - TemplateLoader.findTemplateSource("category-view/category-view_en.ftl"): Not found
  [main] DEBUG freemarker.cache  - TemplateLoader.findTemplateSource("category-view/category-view.ftl"): Found
  [main] DEBUG freemarker.cache  - Loading template for "category-view/category-view.ftl"("en", UTF-8, parsed) from "jar:file:/C:/Users/admin/.m2/repository/com/aventstack/extentreports/3.1.5/extentreports-3.1.5.jar!/com/aventstack/extentreports/view/html-report/category-view/category-view.ftl"
  [main] DEBUG freemarker.cache  - Couldn't find template in cache for "author-view/author-view.ftl"("en", UTF-8, parsed); will try to load it.
  [main] DEBUG freemarker.cache  - TemplateLoader.findTemplateSource("author-view/author-view_en.ftl"): Not found
  [main] DEBUG freemarker.cache  - TemplateLoader.findTemplateSource("author-view/author-view.ftl"): Found
  [main] DEBUG freemarker.cache  - Loading template for "author-view/author-view.ftl"("en", UTF-8, parsed) from "jar:file:/C:/Users/admin/.m2/repository/com/aventstack/extentreports/3.1.5/extentreports-3.1.5.jar!/com/aventstack/extentreports/view/html-report/author-view/author-view.ftl"
  [main] DEBUG freemarker.cache  - Couldn't find template in cache for "exception-view/exception-view.ftl"("en", UTF-8, parsed); will try to load it.
  [main] DEBUG freemarker.cache  - TemplateLoader.findTemplateSource("exception-view/exception-view_en.ftl"): Not found
  [main] DEBUG freemarker.cache  - TemplateLoader.findTemplateSource("exception-view/exception-view.ftl"): Found
  [main] DEBUG freemarker.cache  - Loading template for "exception-view/exception-view.ftl"("en", UTF-8, parsed) from "jar:file:/C:/Users/admin/.m2/repository/com/aventstack/extentreports/3.1.5/extentreports-3.1.5.jar!/com/aventstack/extentreports/view/html-report/exception-view/exception-view.ftl"
  [main] DEBUG freemarker.cache  - Couldn't find template in cache for "dashboard-view/dashboard-view.ftl"("en", UTF-8, parsed); will try to load it.
  [main] DEBUG freemarker.cache  - TemplateLoader.findTemplateSource("dashboard-view/dashboard-view_en.ftl"): Not found
  [main] DEBUG freemarker.cache  - TemplateLoader.findTemplateSource("dashboard-view/dashboard-view.ftl"): Found
  [main] DEBUG freemarker.cache  - Loading template for "dashboard-view/dashboard-view.ftl"("en", UTF-8, parsed) from "jar:file:/C:/Users/admin/.m2/repository/com/aventstack/extentreports/3.1.5/extentreports-3.1.5.jar!/com/aventstack/extentreports/view/html-report/dashboard-view/dashboard-view.ftl"
  [main] DEBUG freemarker.cache  - Couldn't find template in cache for "logs-view/testrunner-logs-view.ftl"("en", UTF-8, parsed); will try to load it.
  [main] DEBUG freemarker.cache  - TemplateLoader.findTemplateSource("logs-view/testrunner-logs-view_en.ftl"): Not found
  [main] DEBUG freemarker.cache  - TemplateLoader.findTemplateSource("logs-view/testrunner-logs-view.ftl"): Found
  [main] DEBUG freemarker.cache  - Loading template for "logs-view/testrunner-logs-view.ftl"("en", UTF-8, parsed) from "jar:file:/C:/Users/admin/.m2/repository/com/aventstack/extentreports/3.1.5/extentreports-3.1.5.jar!/com/aventstack/extentreports/view/html-report/logs-view/testrunner-logs-view.ftl"
  [main] INFO  octavius  - URL is opened
  [main] INFO  octavius  - Entered email address
  [main] INFO  octavius  - Entered password
  [main] DEBUG freemarker.cache  - Couldn't find template in cache for "index.ftl"("en", UTF-8, parsed); will try to load it.
  [main] DEBUG freemarker.cache  - TemplateLoader.findTemplateSource("index_en.ftl"): Not found
  [main] DEBUG freemarker.cache  - TemplateLoader.findTemplateSource("index.ftl"): Found
  [main] DEBUG freemarker.cache  - Loading template for "index.ftl"("en", UTF-8, parsed) from "jar:file:/C:/Users/admin/.m2/repository/com/aventstack/extentreports/3.1.5/extentreports-3.1.5.jar!/com/aventstack/extentreports/view/html-report/index.ftl"
  [main] DEBUG freemarker.cache  - Couldn't find template in cache for "head.ftl"("en", UTF-8, parsed); will try to load it.
  [main] DEBUG freemarker.cache  - TemplateLoader.findTemplateSource("head_en.ftl"): Not found
  [main] DEBUG freemarker.cache  - TemplateLoader.findTemplateSource("head.ftl"): Found
  [main] DEBUG freemarker.cache  - Loading template for "head.ftl"("en", UTF-8, parsed) from "jar:file:/C:/Users/admin/.m2/repository/com/aventstack/extentreports/3.1.5/extentreports-3.1.5.jar!/com/aventstack/extentreports/view/html-report/head.ftl"
  [main] DEBUG freemarker.cache  - Couldn't find template in cache for "nav.ftl"("en", UTF-8, parsed); will try to load it.
  [main] DEBUG freemarker.cache  - TemplateLoader.findTemplateSource("nav_en.ftl"): Not found
  [main] DEBUG freemarker.cache  - TemplateLoader.findTemplateSource("nav.ftl"): Found
  [main] DEBUG freemarker.cache  - Loading template for "nav.ftl"("en", UTF-8, parsed) from "jar:file:/C:/Users/admin/.m2/repository/com/aventstack/extentreports/3.1.5/extentreports-3.1.5.jar!/com/aventstack/extentreports/view/html-report/nav.ftl"
  [main] DEBUG freemarker.cache  - Couldn't find template in cache for "test-view/test-view.ftl"("en", UTF-8, parsed); will try to load it.
  [main] DEBUG freemarker.cache  - TemplateLoader.findTemplateSource("test-view/test-view_en.ftl"): Not found
  [main] DEBUG freemarker.cache  - TemplateLoader.findTemplateSource("test-view/test-view.ftl"): Found
  [main] DEBUG freemarker.cache  - Loading template for "test-view/test-view.ftl"("en", UTF-8, parsed) from "jar:file:/C:/Users/admin/.m2/repository/com/aventstack/extentreports/3.1.5/extentreports-3.1.5.jar!/com/aventstack/extentreports/view/html-report/test-view/test-view.ftl"
  [main] DEBUG freemarker.cache  - Couldn't find template in cache for "test-view/test-view-charts.ftl"("en", UTF-8, parsed); will try to load it.
  [main] DEBUG freemarker.cache  - TemplateLoader.findTemplateSource("test-view/test-view-charts_en.ftl"): Not found
  [main] DEBUG freemarker.cache  - TemplateLoader.findTemplateSource("test-view/test-view-charts.ftl"): Found
  [main] DEBUG freemarker.cache  - Loading template for "test-view/test-view-charts.ftl"("en", UTF-8, parsed) from "jar:file:/C:/Users/admin/.m2/repository/com/aventstack/extentreports/3.1.5/extentreports-3.1.5.jar!/com/aventstack/extentreports/view/html-report/test-view/test-view-charts.ftl"
  [main] DEBUG freemarker.cache  - Couldn't find template in cache for "test-view/standard.ftl"("en", UTF-8, parsed); will try to load it.
  [main] DEBUG freemarker.cache  - TemplateLoader.findTemplateSource("test-view/standard_en.ftl"): Not found
  [main] DEBUG freemarker.cache  - TemplateLoader.findTemplateSource("test-view/standard.ftl"): Found
  [main] DEBUG freemarker.cache  - Loading template for "test-view/standard.ftl"("en", UTF-8, parsed) from "jar:file:/C:/Users/admin/.m2/repository/com/aventstack/extentreports/3.1.5/extentreports-3.1.5.jar!/com/aventstack/extentreports/view/html-report/test-view/standard.ftl"
  [main] DEBUG freemarker.cache  - Couldn't find template in cache for "category-view/category-view.ftl"("en", UTF-8, parsed); will try to load it.
  [main] DEBUG freemarker.cache  - TemplateLoader.findTemplateSource("category-view/category-view_en.ftl"): Not found
  [main] DEBUG freemarker.cache  - TemplateLoader.findTemplateSource("category-view/category-view.ftl"): Found
  [main] DEBUG freemarker.cache  - Loading template for "category-view/category-view.ftl"("en", UTF-8, parsed) from "jar:file:/C:/Users/admin/.m2/repository/com/aventstack/extentreports/3.1.5/extentreports-3.1.5.jar!/com/aventstack/extentreports/view/html-report/category-view/category-view.ftl"
  [main] DEBUG freemarker.cache  - Couldn't find template in cache for "author-view/author-view.ftl"("en", UTF-8, parsed); will try to load it.
  [main] DEBUG freemarker.cache  - TemplateLoader.findTemplateSource("author-view/author-view_en.ftl"): Not found
  [main] DEBUG freemarker.cache  - TemplateLoader.findTemplateSource("author-view/author-view.ftl"): Found
  [main] DEBUG freemarker.cache  - Loading template for "author-view/author-view.ftl"("en", UTF-8, parsed) from "jar:file:/C:/Users/admin/.m2/repository/com/aventstack/extentreports/3.1.5/extentreports-3.1.5.jar!/com/aventstack/extentreports/view/html-report/author-view/author-view.ftl"
  [main] DEBUG freemarker.cache  - Couldn't find template in cache for "exception-view/exception-view.ftl"("en", UTF-8, parsed); will try to load it.
  [main] DEBUG freemarker.cache  - TemplateLoader.findTemplateSource("exception-view/exception-view_en.ftl"): Not found
  [main] DEBUG freemarker.cache  - TemplateLoader.findTemplateSource("exception-view/exception-view.ftl"): Found
  [main] DEBUG freemarker.cache  - Loading template for "exception-view/exception-view.ftl"("en", UTF-8, parsed) from "jar:file:/C:/Users/admin/.m2/repository/com/aventstack/extentreports/3.1.5/extentreports-3.1.5.jar!/com/aventstack/extentreports/view/html-report/exception-view/exception-view.ftl"
  [main] DEBUG freemarker.cache  - Couldn't find template in cache for "dashboard-view/dashboard-view.ftl"("en", UTF-8, parsed); will try to load it.
  [main] DEBUG freemarker.cache  - TemplateLoader.findTemplateSource("dashboard-view/dashboard-view_en.ftl"): Not found
  [main] DEBUG freemarker.cache  - TemplateLoader.findTemplateSource("dashboard-view/dashboard-view.ftl"): Found
  [main] DEBUG freemarker.cache  - Loading template for "dashboard-view/dashboard-view.ftl"("en", UTF-8, parsed) from "jar:file:/C:/Users/admin/.m2/repository/com/aventstack/extentreports/3.1.5/extentreports-3.1.5.jar!/com/aventstack/extentreports/view/html-report/dashboard-view/dashboard-view.ftl"
  [main] DEBUG freemarker.cache  - Couldn't find template in cache for "logs-view/testrunner-logs-view.ftl"("en", UTF-8, parsed); will try to load it.
  [main] DEBUG freemarker.cache  - TemplateLoader.findTemplateSource("logs-view/testrunner-logs-view_en.ftl"): Not found
  [main] DEBUG freemarker.cache  - TemplateLoader.findTemplateSource("logs-view/testrunner-logs-view.ftl"): Found
  [main] DEBUG freemarker.cache  - Loading template for "logs-view/testrunner-logs-view.ftl"("en", UTF-8, parsed) from "jar:file:/C:/Users/admin/.m2/repository/com/aventstack/extentreports/3.1.5/extentreports-3.1.5.jar!/com/aventstack/extentreports/view/html-report/logs-view/testrunner-logs-view.ftl"
  [main] INFO  octavius  - URL is opened
  [main] INFO  octavius  - Entered email address
  [main] INFO  octavius  - Entered password
  [main] DEBUG freemarker.cache  - Couldn't find template in cache for "index.ftl"("en", UTF-8, parsed); will try to load it.
  [main] DEBUG freemarker.cache  - TemplateLoader.findTemplateSource("index_en.ftl"): Not found
  [main] DEBUG freemarker.cache  - TemplateLoader.findTemplateSource("index.ftl"): Found
  [main] DEBUG freemarker.cache  - Loading template for "index.ftl"("en", UTF-8, parsed) from "jar:file:/C:/Users/admin/.m2/repository/com/aventstack/extentreports/3.1.5/extentreports-3.1.5.jar!/com/aventstack/extentreports/view/html-report/index.ftl"
  [main] DEBUG freemarker.cache  - Couldn't find template in cache for "head.ftl"("en", UTF-8, parsed); will try to load it.
  [main] DEBUG freemarker.cache  - TemplateLoader.findTemplateSource("head_en.ftl"): Not found
  [main] DEBUG freemarker.cache  - TemplateLoader.findTemplateSource("head.ftl"): Found
  [main] DEBUG freemarker.cache  - Loading template for "head.ftl"("en", UTF-8, parsed) from "jar:file:/C:/Users/admin/.m2/repository/com/aventstack/extentreports/3.1.5/extentreports-3.1.5.jar!/com/aventstack/extentreports/view/html-report/head.ftl"
  [main] DEBUG freemarker.cache  - Couldn't find template in cache for "nav.ftl"("en", UTF-8, parsed); will try to load it.
  [main] DEBUG freemarker.cache  - TemplateLoader.findTemplateSource("nav_en.ftl"): Not found
  [main] DEBUG freemarker.cache  - TemplateLoader.findTemplateSource("nav.ftl"): Found
  [main] DEBUG freemarker.cache  - Loading template for "nav.ftl"("en", UTF-8, parsed) from "jar:file:/C:/Users/admin/.m2/repository/com/aventstack/extentreports/3.1.5/extentreports-3.1.5.jar!/com/aventstack/extentreports/view/html-report/nav.ftl"
  [main] DEBUG freemarker.cache  - Couldn't find template in cache for "test-view/test-view.ftl"("en", UTF-8, parsed); will try to load it.
  [main] DEBUG freemarker.cache  - TemplateLoader.findTemplateSource("test-view/test-view_en.ftl"): Not found
  [main] DEBUG freemarker.cache  - TemplateLoader.findTemplateSource("test-view/test-view.ftl"): Found
  [main] DEBUG freemarker.cache  - Loading template for "test-view/test-view.ftl"("en", UTF-8, parsed) from "jar:file:/C:/Users/admin/.m2/repository/com/aventstack/extentreports/3.1.5/extentreports-3.1.5.jar!/com/aventstack/extentreports/view/html-report/test-view/test-view.ftl"
  [main] DEBUG freemarker.cache  - Couldn't find template in cache for "test-view/test-view-charts.ftl"("en", UTF-8, parsed); will try to load it.
  [main] DEBUG freemarker.cache  - TemplateLoader.findTemplateSource("test-view/test-view-charts_en.ftl"): Not found
  [main] DEBUG freemarker.cache  - TemplateLoader.findTemplateSource("test-view/test-view-charts.ftl"): Found
  [main] DEBUG freemarker.cache  - Loading template for "test-view/test-view-charts.ftl"("en", UTF-8, parsed) from "jar:file:/C:/Users/admin/.m2/repository/com/aventstack/extentreports/3.1.5/extentreports-3.1.5.jar!/com/aventstack/extentreports/view/html-report/test-view/test-view-charts.ftl"
  [main] DEBUG freemarker.cache  - Couldn't find template in cache for "test-view/standard.ftl"("en", UTF-8, parsed); will try to load it.
  [main] DEBUG freemarker.cache  - TemplateLoader.findTemplateSource("test-view/standard_en.ftl"): Not found
  [main] DEBUG freemarker.cache  - TemplateLoader.findTemplateSource("test-view/standard.ftl"): Found
  [main] DEBUG freemarker.cache  - Loading template for "test-view/standard.ftl"("en", UTF-8, parsed) from "jar:file:/C:/Users/admin/.m2/repository/com/aventstack/extentreports/3.1.5/extentreports-3.1.5.jar!/com/aventstack/extentreports/view/html-report/test-view/standard.ftl"
  [main] DEBUG freemarker.cache  - Couldn't find template in cache for "category-view/category-view.ftl"("en", UTF-8, parsed); will try to load it.
  [main] DEBUG freemarker.cache  - TemplateLoader.findTemplateSource("category-view/category-view_en.ftl"): Not found
  [main] DEBUG freemarker.cache  - TemplateLoader.findTemplateSource("category-view/category-view.ftl"): Found
  [main] DEBUG freemarker.cache  - Loading template for "category-view/category-view.ftl"("en", UTF-8, parsed) from "jar:file:/C:/Users/admin/.m2/repository/com/aventstack/extentreports/3.1.5/extentreports-3.1.5.jar!/com/aventstack/extentreports/view/html-report/category-view/category-view.ftl"
  [main] DEBUG freemarker.cache  - Couldn't find template in cache for "author-view/author-view.ftl"("en", UTF-8, parsed); will try to load it.
  [main] DEBUG freemarker.cache  - TemplateLoader.findTemplateSource("author-view/author-view_en.ftl"): Not found
  [main] DEBUG freemarker.cache  - TemplateLoader.findTemplateSource("author-view/author-view.ftl"): Found
  [main] DEBUG freemarker.cache  - Loading template for "author-view/author-view.ftl"("en", UTF-8, parsed) from "jar:file:/C:/Users/admin/.m2/repository/com/aventstack/extentreports/3.1.5/extentreports-3.1.5.jar!/com/aventstack/extentreports/view/html-report/author-view/author-view.ftl"
  [main] DEBUG freemarker.cache  - Couldn't find template in cache for "exception-view/exception-view.ftl"("en", UTF-8, parsed); will try to load it.
  [main] DEBUG freemarker.cache  - TemplateLoader.findTemplateSource("exception-view/exception-view_en.ftl"): Not found
  [main] DEBUG freemarker.cache  - TemplateLoader.findTemplateSource("exception-view/exception-view.ftl"): Found
  [main] DEBUG freemarker.cache  - Loading template for "exception-view/exception-view.ftl"("en", UTF-8, parsed) from "jar:file:/C:/Users/admin/.m2/repository/com/aventstack/extentreports/3.1.5/extentreports-3.1.5.jar!/com/aventstack/extentreports/view/html-report/exception-view/exception-view.ftl"
  [main] DEBUG freemarker.cache  - Couldn't find template in cache for "dashboard-view/dashboard-view.ftl"("en", UTF-8, parsed); will try to load it.
  [main] DEBUG freemarker.cache  - TemplateLoader.findTemplateSource("dashboard-view/dashboard-view_en.ftl"): Not found
  [main] DEBUG freemarker.cache  - TemplateLoader.findTemplateSource("dashboard-view/dashboard-view.ftl"): Found
  [main] DEBUG freemarker.cache  - Loading template for "dashboard-view/dashboard-view.ftl"("en", UTF-8, parsed) from "jar:file:/C:/Users/admin/.m2/repository/com/aventstack/extentreports/3.1.5/extentreports-3.1.5.jar!/com/aventstack/extentreports/view/html-report/dashboard-view/dashboard-view.ftl"
  [main] DEBUG freemarker.cache  - Couldn't find template in cache for "logs-view/testrunner-logs-view.ftl"("en", UTF-8, parsed); will try to load it.
  [main] DEBUG freemarker.cache  - TemplateLoader.findTemplateSource("logs-view/testrunner-logs-view_en.ftl"): Not found
  [main] DEBUG freemarker.cache  - TemplateLoader.findTemplateSource("logs-view/testrunner-logs-view.ftl"): Found
  [main] DEBUG freemarker.cache  - Loading template for "logs-view/testrunner-logs-view.ftl"("en", UTF-8, parsed) from "jar:file:/C:/Users/admin/.m2/repository/com/aventstack/extentreports/3.1.5/extentreports-3.1.5.jar!/com/aventstack/extentreports/view/html-report/logs-view/testrunner-logs-view.ftl"
  [main] INFO  octavius  - URL is opened
  [main] INFO  octavius  - Entered email address
  [main] INFO  octavius  - Entered password
  [main] INFO  octavius  - Login test passed
  [main] DEBUG freemarker.cache  - Couldn't find template in cache for "index.ftl"("en", UTF-8, parsed); will try to load it.
  [main] DEBUG freemarker.cache  - TemplateLoader.findTemplateSource("index_en.ftl"): Not found
  [main] DEBUG freemarker.cache  - TemplateLoader.findTemplateSource("index.ftl"): Found
  [main] DEBUG freemarker.cache  - Loading template for "index.ftl"("en", UTF-8, parsed) from "jar:file:/C:/Users/admin/.m2/repository/com/aventstack/extentreports/3.1.5/extentreports-3.1.5.jar!/com/aventstack/extentreports/view/html-report/index.ftl"
  [main] DEBUG freemarker.cache  - Couldn't find template in cache for "head.ftl"("en", UTF-8, parsed); will try to load it.
  [main] DEBUG freemarker.cache  - TemplateLoader.findTemplateSource("head_en.ftl"): Not found
  [main] DEBUG freemarker.cache  - TemplateLoader.findTemplateSource("head.ftl"): Found
  [main] DEBUG freemarker.cache  - Loading template for "head.ftl"("en", UTF-8, parsed) from "jar:file:/C:/Users/admin/.m2/repository/com/aventstack/extentreports/3.1.5/extentreports-3.1.5.jar!/com/aventstack/extentreports/view/html-report/head.ftl"
  [main] DEBUG freemarker.cache  - Couldn't find template in cache for "nav.ftl"("en", UTF-8, parsed); will try to load it.
  [main] DEBUG freemarker.cache  - TemplateLoader.findTemplateSource("nav_en.ftl"): Not found
  [main] DEBUG freemarker.cache  - TemplateLoader.findTemplateSource("nav.ftl"): Found
  [main] DEBUG freemarker.cache  - Loading template for "nav.ftl"("en", UTF-8, parsed) from "jar:file:/C:/Users/admin/.m2/repository/com/aventstack/extentreports/3.1.5/extentreports-3.1.5.jar!/com/aventstack/extentreports/view/html-report/nav.ftl"
  [main] DEBUG freemarker.cache  - Couldn't find template in cache for "test-view/test-view.ftl"("en", UTF-8, parsed); will try to load it.
  [main] DEBUG freemarker.cache  - TemplateLoader.findTemplateSource("test-view/test-view_en.ftl"): Not found
  [main] DEBUG freemarker.cache  - TemplateLoader.findTemplateSource("test-view/test-view.ftl"): Found
  [main] DEBUG freemarker.cache  - Loading template for "test-view/test-view.ftl"("en", UTF-8, parsed) from "jar:file:/C:/Users/admin/.m2/repository/com/aventstack/extentreports/3.1.5/extentreports-3.1.5.jar!/com/aventstack/extentreports/view/html-report/test-view/test-view.ftl"
  [main] DEBUG freemarker.cache  - Couldn't find template in cache for "test-view/test-view-charts.ftl"("en", UTF-8, parsed); will try to load it.
  [main] DEBUG freemarker.cache  - TemplateLoader.findTemplateSource("test-view/test-view-charts_en.ftl"): Not found
  [main] DEBUG freemarker.cache  - TemplateLoader.findTemplateSource("test-view/test-view-charts.ftl"): Found
  [main] DEBUG freemarker.cache  - Loading template for "test-view/test-view-charts.ftl"("en", UTF-8, parsed) from "jar:file:/C:/Users/admin/.m2/repository/com/aventstack/extentreports/3.1.5/extentreports-3.1.5.jar!/com/aventstack/extentreports/view/html-report/test-view/test-view-charts.ftl"
  [main] DEBUG freemarker.cache  - Couldn't find template in cache for "test-view/standard.ftl"("en", UTF-8, parsed); will try to load it.
  [main] DEBUG freemarker.cache  - TemplateLoader.findTemplateSource("test-view/standard_en.ftl"): Not found
  [main] DEBUG freemarker.cache  - TemplateLoader.findTemplateSource("test-view/standard.ftl"): Found
  [main] DEBUG freemarker.cache  - Loading template for "test-view/standard.ftl"("en", UTF-8, parsed) from "jar:file:/C:/Users/admin/.m2/repository/com/aventstack/extentreports/3.1.5/extentreports-3.1.5.jar!/com/aventstack/extentreports/view/html-report/test-view/standard.ftl"
  [main] DEBUG freemarker.cache  - Couldn't find template in cache for "category-view/category-view.ftl"("en", UTF-8, parsed); will try to load it.
  [main] DEBUG freemarker.cache  - TemplateLoader.findTemplateSource("category-view/category-view_en.ftl"): Not found
  [main] DEBUG freemarker.cache  - TemplateLoader.findTemplateSource("category-view/category-view.ftl"): Found
  [main] DEBUG freemarker.cache  - Loading template for "category-view/category-view.ftl"("en", UTF-8, parsed) from "jar:file:/C:/Users/admin/.m2/repository/com/aventstack/extentreports/3.1.5/extentreports-3.1.5.jar!/com/aventstack/extentreports/view/html-report/category-view/category-view.ftl"
  [main] DEBUG freemarker.cache  - Couldn't find template in cache for "author-view/author-view.ftl"("en", UTF-8, parsed); will try to load it.
  [main] DEBUG freemarker.cache  - TemplateLoader.findTemplateSource("author-view/author-view_en.ftl"): Not found
  [main] DEBUG freemarker.cache  - TemplateLoader.findTemplateSource("author-view/author-view.ftl"): Found
  [main] DEBUG freemarker.cache  - Loading template for "author-view/author-view.ftl"("en", UTF-8, parsed) from "jar:file:/C:/Users/admin/.m2/repository/com/aventstack/extentreports/3.1.5/extentreports-3.1.5.jar!/com/aventstack/extentreports/view/html-report/author-view/author-view.ftl"
  [main] DEBUG freemarker.cache  - Couldn't find template in cache for "exception-view/exception-view.ftl"("en", UTF-8, parsed); will try to load it.
  [main] DEBUG freemarker.cache  - TemplateLoader.findTemplateSource("exception-view/exception-view_en.ftl"): Not found
  [main] DEBUG freemarker.cache  - TemplateLoader.findTemplateSource("exception-view/exception-view.ftl"): Found
  [main] DEBUG freemarker.cache  - Loading template for "exception-view/exception-view.ftl"("en", UTF-8, parsed) from "jar:file:/C:/Users/admin/.m2/repository/com/aventstack/extentreports/3.1.5/extentreports-3.1.5.jar!/com/aventstack/extentreports/view/html-report/exception-view/exception-view.ftl"
  [main] DEBUG freemarker.cache  - Couldn't find template in cache for "dashboard-view/dashboard-view.ftl"("en", UTF-8, parsed); will try to load it.
  [main] DEBUG freemarker.cache  - TemplateLoader.findTemplateSource("dashboard-view/dashboard-view_en.ftl"): Not found
  [main] DEBUG freemarker.cache  - TemplateLoader.findTemplateSource("dashboard-view/dashboard-view.ftl"): Found
  [main] DEBUG freemarker.cache  - Loading template for "dashboard-view/dashboard-view.ftl"("en", UTF-8, parsed) from "jar:file:/C:/Users/admin/.m2/repository/com/aventstack/extentreports/3.1.5/extentreports-3.1.5.jar!/com/aventstack/extentreports/view/html-report/dashboard-view/dashboard-view.ftl"
  [main] DEBUG freemarker.cache  - Couldn't find template in cache for "logs-view/testrunner-logs-view.ftl"("en", UTF-8, parsed); will try to load it.
  [main] DEBUG freemarker.cache  - TemplateLoader.findTemplateSource("logs-view/testrunner-logs-view_en.ftl"): Not found
  [main] DEBUG freemarker.cache  - TemplateLoader.findTemplateSource("logs-view/testrunner-logs-view.ftl"): Found
  [main] DEBUG freemarker.cache  - Loading template for "logs-view/testrunner-logs-view.ftl"("en", UTF-8, parsed) from "jar:file:/C:/Users/admin/.m2/repository/com/aventstack/extentreports/3.1.5/extentreports-3.1.5.jar!/com/aventstack/extentreports/view/html-report/logs-view/testrunner-logs-view.ftl"
  [main] INFO  octavius  - URL is opened
  [main] INFO  octavius  - Entered email address
  [main] INFO  octavius  - Entered password
  [main] INFO  octavius  - Login test passed
  [main] DEBUG freemarker.cache  - Couldn't find template in cache for "index.ftl"("en", UTF-8, parsed); will try to load it.
  [main] DEBUG freemarker.cache  - TemplateLoader.findTemplateSource("index_en.ftl"): Not found
  [main] DEBUG freemarker.cache  - TemplateLoader.findTemplateSource("index.ftl"): Found
  [main] DEBUG freemarker.cache  - Loading template for "index.ftl"("en", UTF-8, parsed) from "jar:file:/C:/Users/admin/.m2/repository/com/aventstack/extentreports/3.1.5/extentreports-3.1.5.jar!/com/aventstack/extentreports/view/html-report/index.ftl"
  [main] DEBUG freemarker.cache  - Couldn't find template in cache for "head.ftl"("en", UTF-8, parsed); will try to load it.
  [main] DEBUG freemarker.cache  - TemplateLoader.findTemplateSource("head_en.ftl"): Not found
  [main] DEBUG freemarker.cache  - TemplateLoader.findTemplateSource("head.ftl"): Found
  [main] DEBUG freemarker.cache  - Loading template for "head.ftl"("en", UTF-8, parsed) from "jar:file:/C:/Users/admin/.m2/repository/com/aventstack/extentreports/3.1.5/extentreports-3.1.5.jar!/com/aventstack/extentreports/view/html-report/head.ftl"
  [main] DEBUG freemarker.cache  - Couldn't find template in cache for "nav.ftl"("en", UTF-8, parsed); will try to load it.
  [main] DEBUG freemarker.cache  - TemplateLoader.findTemplateSource("nav_en.ftl"): Not found
  [main] DEBUG freemarker.cache  - TemplateLoader.findTemplateSource("nav.ftl"): Found
  [main] DEBUG freemarker.cache  - Loading template for "nav.ftl"("en", UTF-8, parsed) from "jar:file:/C:/Users/admin/.m2/repository/com/aventstack/extentreports/3.1.5/extentreports-3.1.5.jar!/com/aventstack/extentreports/view/html-report/nav.ftl"
  [main] DEBUG freemarker.cache  - Couldn't find template in cache for "test-view/test-view.ftl"("en", UTF-8, parsed); will try to load it.
  [main] DEBUG freemarker.cache  - TemplateLoader.findTemplateSource("test-view/test-view_en.ftl"): Not found
  [main] DEBUG freemarker.cache  - TemplateLoader.findTemplateSource("test-view/test-view.ftl"): Found
  [main] DEBUG freemarker.cache  - Loading template for "test-view/test-view.ftl"("en", UTF-8, parsed) from "jar:file:/C:/Users/admin/.m2/repository/com/aventstack/extentreports/3.1.5/extentreports-3.1.5.jar!/com/aventstack/extentreports/view/html-report/test-view/test-view.ftl"
  [main] DEBUG freemarker.cache  - Couldn't find template in cache for "test-view/test-view-charts.ftl"("en", UTF-8, parsed); will try to load it.
  [main] DEBUG freemarker.cache  - TemplateLoader.findTemplateSource("test-view/test-view-charts_en.ftl"): Not found
  [main] DEBUG freemarker.cache  - TemplateLoader.findTemplateSource("test-view/test-view-charts.ftl"): Found
  [main] DEBUG freemarker.cache  - Loading template for "test-view/test-view-charts.ftl"("en", UTF-8, parsed) from "jar:file:/C:/Users/admin/.m2/repository/com/aventstack/extentreports/3.1.5/extentreports-3.1.5.jar!/com/aventstack/extentreports/view/html-report/test-view/test-view-charts.ftl"
  [main] DEBUG freemarker.cache  - Couldn't find template in cache for "test-view/standard.ftl"("en", UTF-8, parsed); will try to load it.
  [main] DEBUG freemarker.cache  - TemplateLoader.findTemplateSource("test-view/standard_en.ftl"): Not found
  [main] DEBUG freemarker.cache  - TemplateLoader.findTemplateSource("test-view/standard.ftl"): Found
  [main] DEBUG freemarker.cache  - Loading template for "test-view/standard.ftl"("en", UTF-8, parsed) from "jar:file:/C:/Users/admin/.m2/repository/com/aventstack/extentreports/3.1.5/extentreports-3.1.5.jar!/com/aventstack/extentreports/view/html-report/test-view/standard.ftl"
  [main] DEBUG freemarker.cache  - Couldn't find template in cache for "category-view/category-view.ftl"("en", UTF-8, parsed); will try to load it.
  [main] DEBUG freemarker.cache  - TemplateLoader.findTemplateSource("category-view/category-view_en.ftl"): Not found
  [main] DEBUG freemarker.cache  - TemplateLoader.findTemplateSource("category-view/category-view.ftl"): Found
  [main] DEBUG freemarker.cache  - Loading template for "category-view/category-view.ftl"("en", UTF-8, parsed) from "jar:file:/C:/Users/admin/.m2/repository/com/aventstack/extentreports/3.1.5/extentreports-3.1.5.jar!/com/aventstack/extentreports/view/html-report/category-view/category-view.ftl"
  [main] DEBUG freemarker.cache  - Couldn't find template in cache for "author-view/author-view.ftl"("en", UTF-8, parsed); will try to load it.
  [main] DEBUG freemarker.cache  - TemplateLoader.findTemplateSource("author-view/author-view_en.ftl"): Not found
  [main] DEBUG freemarker.cache  - TemplateLoader.findTemplateSource("author-view/author-view.ftl"): Found
  [main] DEBUG freemarker.cache  - Loading template for "author-view/author-view.ftl"("en", UTF-8, parsed) from "jar:file:/C:/Users/admin/.m2/repository/com/aventstack/extentreports/3.1.5/extentreports-3.1.5.jar!/com/aventstack/extentreports/view/html-report/author-view/author-view.ftl"
  [main] DEBUG freemarker.cache  - Couldn't find template in cache for "exception-view/exception-view.ftl"("en", UTF-8, parsed); will try to load it.
  [main] DEBUG freemarker.cache  - TemplateLoader.findTemplateSource("exception-view/exception-view_en.ftl"): Not found
  [main] DEBUG freemarker.cache  - TemplateLoader.findTemplateSource("exception-view/exception-view.ftl"): Found
  [main] DEBUG freemarker.cache  - Loading template for "exception-view/exception-view.ftl"("en", UTF-8, parsed) from "jar:file:/C:/Users/admin/.m2/repository/com/aventstack/extentreports/3.1.5/extentreports-3.1.5.jar!/com/aventstack/extentreports/view/html-report/exception-view/exception-view.ftl"
  [main] DEBUG freemarker.cache  - Couldn't find template in cache for "dashboard-view/dashboard-view.ftl"("en", UTF-8, parsed); will try to load it.
  [main] DEBUG freemarker.cache  - TemplateLoader.findTemplateSource("dashboard-view/dashboard-view_en.ftl"): Not found
  [main] DEBUG freemarker.cache  - TemplateLoader.findTemplateSource("dashboard-view/dashboard-view.ftl"): Found
  [main] DEBUG freemarker.cache  - Loading template for "dashboard-view/dashboard-view.ftl"("en", UTF-8, parsed) from "jar:file:/C:/Users/admin/.m2/repository/com/aventstack/extentreports/3.1.5/extentreports-3.1.5.jar!/com/aventstack/extentreports/view/html-report/dashboard-view/dashboard-view.ftl"
  [main] DEBUG freemarker.cache  - Couldn't find template in cache for "logs-view/testrunner-logs-view.ftl"("en", UTF-8, parsed); will try to load it.
  [main] DEBUG freemarker.cache  - TemplateLoader.findTemplateSource("logs-view/testrunner-logs-view_en.ftl"): Not found
  [main] DEBUG freemarker.cache  - TemplateLoader.findTemplateSource("logs-view/testrunner-logs-view.ftl"): Found
  [main] DEBUG freemarker.cache  - Loading template for "logs-view/testrunner-logs-view.ftl"("en", UTF-8, parsed) from "jar:file:/C:/Users/admin/.m2/repository/com/aventstack/extentreports/3.1.5/extentreports-3.1.5.jar!/com/aventstack/extentreports/view/html-report/logs-view/testrunner-logs-view.ftl"
  [main] DEBUG freemarker.cache  - Couldn't find template in cache for "index.ftl"("en", UTF-8, parsed); will try to load it.
  [main] DEBUG freemarker.cache  - TemplateLoader.findTemplateSource("index_en.ftl"): Not found
  [main] DEBUG freemarker.cache  - TemplateLoader.findTemplateSource("index.ftl"): Found
  [main] DEBUG freemarker.cache  - Loading template for "index.ftl"("en", UTF-8, parsed) from "jar:file:/C:/Users/admin/.m2/repository/com/aventstack/extentreports/3.1.5/extentreports-3.1.5.jar!/com/aventstack/extentreports/view/html-report/index.ftl"
  [main] DEBUG freemarker.cache  - Couldn't find template in cache for "head.ftl"("en", UTF-8, parsed); will try to load it.
  [main] DEBUG freemarker.cache  - TemplateLoader.findTemplateSource("head_en.ftl"): Not found
  [main] DEBUG freemarker.cache  - TemplateLoader.findTemplateSource("head.ftl"): Found
  [main] DEBUG freemarker.cache  - Loading template for "head.ftl"("en", UTF-8, parsed) from "jar:file:/C:/Users/admin/.m2/repository/com/aventstack/extentreports/3.1.5/extentreports-3.1.5.jar!/com/aventstack/extentreports/view/html-report/head.ftl"
  [main] DEBUG freemarker.cache  - Couldn't find template in cache for "nav.ftl"("en", UTF-8, parsed); will try to load it.
  [main] DEBUG freemarker.cache  - TemplateLoader.findTemplateSource("nav_en.ftl"): Not found
  [main] DEBUG freemarker.cache  - TemplateLoader.findTemplateSource("nav.ftl"): Found
  [main] DEBUG freemarker.cache  - Loading template for "nav.ftl"("en", UTF-8, parsed) from "jar:file:/C:/Users/admin/.m2/repository/com/aventstack/extentreports/3.1.5/extentreports-3.1.5.jar!/com/aventstack/extentreports/view/html-report/nav.ftl"
  [main] DEBUG freemarker.cache  - Couldn't find template in cache for "test-view/test-view.ftl"("en", UTF-8, parsed); will try to load it.
  [main] DEBUG freemarker.cache  - TemplateLoader.findTemplateSource("test-view/test-view_en.ftl"): Not found
  [main] DEBUG freemarker.cache  - TemplateLoader.findTemplateSource("test-view/test-view.ftl"): Found
  [main] DEBUG freemarker.cache  - Loading template for "test-view/test-view.ftl"("en", UTF-8, parsed) from "jar:file:/C:/Users/admin/.m2/repository/com/aventstack/extentreports/3.1.5/extentreports-3.1.5.jar!/com/aventstack/extentreports/view/html-report/test-view/test-view.ftl"
  [main] DEBUG freemarker.cache  - Couldn't find template in cache for "test-view/test-view-charts.ftl"("en", UTF-8, parsed); will try to load it.
  [main] DEBUG freemarker.cache  - TemplateLoader.findTemplateSource("test-view/test-view-charts_en.ftl"): Not found
  [main] DEBUG freemarker.cache  - TemplateLoader.findTemplateSource("test-view/test-view-charts.ftl"): Found
  [main] DEBUG freemarker.cache  - Loading template for "test-view/test-view-charts.ftl"("en", UTF-8, parsed) from "jar:file:/C:/Users/admin/.m2/repository/com/aventstack/extentreports/3.1.5/extentreports-3.1.5.jar!/com/aventstack/extentreports/view/html-report/test-view/test-view-charts.ftl"
  [main] DEBUG freemarker.cache  - Couldn't find template in cache for "test-view/standard.ftl"("en", UTF-8, parsed); will try to load it.
  [main] DEBUG freemarker.cache  - TemplateLoader.findTemplateSource("test-view/standard_en.ftl"): Not found
  [main] DEBUG freemarker.cache  - TemplateLoader.findTemplateSource("test-view/standard.ftl"): Found
  [main] DEBUG freemarker.cache  - Loading template for "test-view/standard.ftl"("en", UTF-8, parsed) from "jar:file:/C:/Users/admin/.m2/repository/com/aventstack/extentreports/3.1.5/extentreports-3.1.5.jar!/com/aventstack/extentreports/view/html-report/test-view/standard.ftl"
  [main] DEBUG freemarker.cache  - Couldn't find template in cache for "category-view/category-view.ftl"("en", UTF-8, parsed); will try to load it.
  [main] DEBUG freemarker.cache  - TemplateLoader.findTemplateSource("category-view/category-view_en.ftl"): Not found
  [main] DEBUG freemarker.cache  - TemplateLoader.findTemplateSource("category-view/category-view.ftl"): Found
  [main] DEBUG freemarker.cache  - Loading template for "category-view/category-view.ftl"("en", UTF-8, parsed) from "jar:file:/C:/Users/admin/.m2/repository/com/aventstack/extentreports/3.1.5/extentreports-3.1.5.jar!/com/aventstack/extentreports/view/html-report/category-view/category-view.ftl"
  [main] DEBUG freemarker.cache  - Couldn't find template in cache for "author-view/author-view.ftl"("en", UTF-8, parsed); will try to load it.
  [main] DEBUG freemarker.cache  - TemplateLoader.findTemplateSource("author-view/author-view_en.ftl"): Not found
  [main] DEBUG freemarker.cache  - TemplateLoader.findTemplateSource("author-view/author-view.ftl"): Found
  [main] DEBUG freemarker.cache  - Loading template for "author-view/author-view.ftl"("en", UTF-8, parsed) from "jar:file:/C:/Users/admin/.m2/repository/com/aventstack/extentreports/3.1.5/extentreports-3.1.5.jar!/com/aventstack/extentreports/view/html-report/author-view/author-view.ftl"
  [main] DEBUG freemarker.cache  - Couldn't find template in cache for "exception-view/exception-view.ftl"("en", UTF-8, parsed); will try to load it.
  [main] DEBUG freemarker.cache  - TemplateLoader.findTemplateSource("exception-view/exception-view_en.ftl"): Not found
  [main] DEBUG freemarker.cache  - TemplateLoader.findTemplateSource("exception-view/exception-view.ftl"): Found
  [main] DEBUG freemarker.cache  - Loading template for "exception-view/exception-view.ftl"("en", UTF-8, parsed) from "jar:file:/C:/Users/admin/.m2/repository/com/aventstack/extentreports/3.1.5/extentreports-3.1.5.jar!/com/aventstack/extentreports/view/html-report/exception-view/exception-view.ftl"
  [main] DEBUG freemarker.cache  - Couldn't find template in cache for "dashboard-view/dashboard-view.ftl"("en", UTF-8, parsed); will try to load it.
  [main] DEBUG freemarker.cache  - TemplateLoader.findTemplateSource("dashboard-view/dashboard-view_en.ftl"): Not found
  [main] DEBUG freemarker.cache  - TemplateLoader.findTemplateSource("dashboard-view/dashboard-view.ftl"): Found
  [main] DEBUG freemarker.cache  - Loading template for "dashboard-view/dashboard-view.ftl"("en", UTF-8, parsed) from "jar:file:/C:/Users/admin/.m2/repository/com/aventstack/extentreports/3.1.5/extentreports-3.1.5.jar!/com/aventstack/extentreports/view/html-report/dashboard-view/dashboard-view.ftl"
  [main] DEBUG freemarker.cache  - Couldn't find template in cache for "logs-view/testrunner-logs-view.ftl"("en", UTF-8, parsed); will try to load it.
  [main] DEBUG freemarker.cache  - TemplateLoader.findTemplateSource("logs-view/testrunner-logs-view_en.ftl"): Not found
  [main] DEBUG freemarker.cache  - TemplateLoader.findTemplateSource("logs-view/testrunner-logs-view.ftl"): Found
  [main] DEBUG freemarker.cache  - Loading template for "logs-view/testrunner-logs-view.ftl"("en", UTF-8, parsed) from "jar:file:/C:/Users/admin/.m2/repository/com/aventstack/extentreports/3.1.5/extentreports-3.1.5.jar!/com/aventstack/extentreports/view/html-report/logs-view/testrunner-logs-view.ftl"
  [main] DEBUG freemarker.cache  - Couldn't find template in cache for "index.ftl"("en", UTF-8, parsed); will try to load it.
  [main] DEBUG freemarker.cache  - TemplateLoader.findTemplateSource("index_en.ftl"): Not found
  [main] DEBUG freemarker.cache  - TemplateLoader.findTemplateSource("index.ftl"): Found
  [main] DEBUG freemarker.cache  - Loading template for "index.ftl"("en", UTF-8, parsed) from "jar:file:/C:/Users/admin/.m2/repository/com/aventstack/extentreports/3.1.5/extentreports-3.1.5.jar!/com/aventstack/extentreports/view/html-report/index.ftl"
  [main] DEBUG freemarker.cache  - Couldn't find template in cache for "head.ftl"("en", UTF-8, parsed); will try to load it.
  [main] DEBUG freemarker.cache  - TemplateLoader.findTemplateSource("head_en.ftl"): Not found
  [main] DEBUG freemarker.cache  - TemplateLoader.findTemplateSource("head.ftl"): Found
  [main] DEBUG freemarker.cache  - Loading template for "head.ftl"("en", UTF-8, parsed) from "jar:file:/C:/Users/admin/.m2/repository/com/aventstack/extentreports/3.1.5/extentreports-3.1.5.jar!/com/aventstack/extentreports/view/html-report/head.ftl"
  [main] DEBUG freemarker.cache  - Couldn't find template in cache for "nav.ftl"("en", UTF-8, parsed); will try to load it.
  [main] DEBUG freemarker.cache  - TemplateLoader.findTemplateSource("nav_en.ftl"): Not found
  [main] DEBUG freemarker.cache  - TemplateLoader.findTemplateSource("nav.ftl"): Found
  [main] DEBUG freemarker.cache  - Loading template for "nav.ftl"("en", UTF-8, parsed) from "jar:file:/C:/Users/admin/.m2/repository/com/aventstack/extentreports/3.1.5/extentreports-3.1.5.jar!/com/aventstack/extentreports/view/html-report/nav.ftl"
  [main] DEBUG freemarker.cache  - Couldn't find template in cache for "test-view/test-view.ftl"("en", UTF-8, parsed); will try to load it.
  [main] DEBUG freemarker.cache  - TemplateLoader.findTemplateSource("test-view/test-view_en.ftl"): Not found
  [main] DEBUG freemarker.cache  - TemplateLoader.findTemplateSource("test-view/test-view.ftl"): Found
  [main] DEBUG freemarker.cache  - Loading template for "test-view/test-view.ftl"("en", UTF-8, parsed) from "jar:file:/C:/Users/admin/.m2/repository/com/aventstack/extentreports/3.1.5/extentreports-3.1.5.jar!/com/aventstack/extentreports/view/html-report/test-view/test-view.ftl"
  [main] DEBUG freemarker.cache  - Couldn't find template in cache for "test-view/test-view-charts.ftl"("en", UTF-8, parsed); will try to load it.
  [main] DEBUG freemarker.cache  - TemplateLoader.findTemplateSource("test-view/test-view-charts_en.ftl"): Not found
  [main] DEBUG freemarker.cache  - TemplateLoader.findTemplateSource("test-view/test-view-charts.ftl"): Found
  [main] DEBUG freemarker.cache  - Loading template for "test-view/test-view-charts.ftl"("en", UTF-8, parsed) from "jar:file:/C:/Users/admin/.m2/repository/com/aventstack/extentreports/3.1.5/extentreports-3.1.5.jar!/com/aventstack/extentreports/view/html-report/test-view/test-view-charts.ftl"
  [main] DEBUG freemarker.cache  - Couldn't find template in cache for "test-view/standard.ftl"("en", UTF-8, parsed); will try to load it.
  [main] DEBUG freemarker.cache  - TemplateLoader.findTemplateSource("test-view/standard_en.ftl"): Not found
  [main] DEBUG freemarker.cache  - TemplateLoader.findTemplateSource("test-view/standard.ftl"): Found
  [main] DEBUG freemarker.cache  - Loading template for "test-view/standard.ftl"("en", UTF-8, parsed) from "jar:file:/C:/Users/admin/.m2/repository/com/aventstack/extentreports/3.1.5/extentreports-3.1.5.jar!/com/aventstack/extentreports/view/html-report/test-view/standard.ftl"
  [main] DEBUG freemarker.cache  - Couldn't find template in cache for "category-view/category-view.ftl"("en", UTF-8, parsed); will try to load it.
  [main] DEBUG freemarker.cache  - TemplateLoader.findTemplateSource("category-view/category-view_en.ftl"): Not found
  [main] DEBUG freemarker.cache  - TemplateLoader.findTemplateSource("category-view/category-view.ftl"): Found
  [main] DEBUG freemarker.cache  - Loading template for "category-view/category-view.ftl"("en", UTF-8, parsed) from "jar:file:/C:/Users/admin/.m2/repository/com/aventstack/extentreports/3.1.5/extentreports-3.1.5.jar!/com/aventstack/extentreports/view/html-report/category-view/category-view.ftl"
  [main] DEBUG freemarker.cache  - Couldn't find template in cache for "author-view/author-view.ftl"("en", UTF-8, parsed); will try to load it.
  [main] DEBUG freemarker.cache  - TemplateLoader.findTemplateSource("author-view/author-view_en.ftl"): Not found
  [main] DEBUG freemarker.cache  - TemplateLoader.findTemplateSource("author-view/author-view.ftl"): Found
  [main] DEBUG freemarker.cache  - Loading template for "author-view/author-view.ftl"("en", UTF-8, parsed) from "jar:file:/C:/Users/admin/.m2/repository/com/aventstack/extentreports/3.1.5/extentreports-3.1.5.jar!/com/aventstack/extentreports/view/html-report/author-view/author-view.ftl"
  [main] DEBUG freemarker.cache  - Couldn't find template in cache for "exception-view/exception-view.ftl"("en", UTF-8, parsed); will try to load it.
  [main] DEBUG freemarker.cache  - TemplateLoader.findTemplateSource("exception-view/exception-view_en.ftl"): Not found
  [main] DEBUG freemarker.cache  - TemplateLoader.findTemplateSource("exception-view/exception-view.ftl"): Found
  [main] DEBUG freemarker.cache  - Loading template for "exception-view/exception-view.ftl"("en", UTF-8, parsed) from "jar:file:/C:/Users/admin/.m2/repository/com/aventstack/extentreports/3.1.5/extentreports-3.1.5.jar!/com/aventstack/extentreports/view/html-report/exception-view/exception-view.ftl"
  [main] DEBUG freemarker.cache  - Couldn't find template in cache for "dashboard-view/dashboard-view.ftl"("en", UTF-8, parsed); will try to load it.
  [main] DEBUG freemarker.cache  - TemplateLoader.findTemplateSource("dashboard-view/dashboard-view_en.ftl"): Not found
  [main] DEBUG freemarker.cache  - TemplateLoader.findTemplateSource("dashboard-view/dashboard-view.ftl"): Found
  [main] DEBUG freemarker.cache  - Loading template for "dashboard-view/dashboard-view.ftl"("en", UTF-8, parsed) from "jar:file:/C:/Users/admin/.m2/repository/com/aventstack/extentreports/3.1.5/extentreports-3.1.5.jar!/com/aventstack/extentreports/view/html-report/dashboard-view/dashboard-view.ftl"
  [main] DEBUG freemarker.cache  - Couldn't find template in cache for "logs-view/testrunner-logs-view.ftl"("en", UTF-8, parsed); will try to load it.
  [main] DEBUG freemarker.cache  - TemplateLoader.findTemplateSource("logs-view/testrunner-logs-view_en.ftl"): Not found
  [main] DEBUG freemarker.cache  - TemplateLoader.findTemplateSource("logs-view/testrunner-logs-view.ftl"): Found
  [main] DEBUG freemarker.cache  - Loading template for "logs-view/testrunner-logs-view.ftl"("en", UTF-8, parsed) from "jar:file:/C:/Users/admin/.m2/repository/com/aventstack/extentreports/3.1.5/extentreports-3.1.5.jar!/com/aventstack/extentreports/view/html-report/logs-view/testrunner-logs-view.ftl"
  [main] DEBUG freemarker.cache  - Couldn't find template in cache for "index.ftl"("en", UTF-8, parsed); will try to load it.
  [main] DEBUG freemarker.cache  - TemplateLoader.findTemplateSource("index_en.ftl"): Not found
  [main] DEBUG freemarker.cache  - TemplateLoader.findTemplateSource("index.ftl"): Found
  [main] DEBUG freemarker.cache  - Loading template for "index.ftl"("en", UTF-8, parsed) from "jar:file:/C:/Users/admin/.m2/repository/com/aventstack/extentreports/3.1.5/extentreports-3.1.5.jar!/com/aventstack/extentreports/view/html-report/index.ftl"
  [main] DEBUG freemarker.cache  - Couldn't find template in cache for "head.ftl"("en", UTF-8, parsed); will try to load it.
  [main] DEBUG freemarker.cache  - TemplateLoader.findTemplateSource("head_en.ftl"): Not found
  [main] DEBUG freemarker.cache  - TemplateLoader.findTemplateSource("head.ftl"): Found
  [main] DEBUG freemarker.cache  - Loading template for "head.ftl"("en", UTF-8, parsed) from "jar:file:/C:/Users/admin/.m2/repository/com/aventstack/extentreports/3.1.5/extentreports-3.1.5.jar!/com/aventstack/extentreports/view/html-report/head.ftl"
  [main] DEBUG freemarker.cache  - Couldn't find template in cache for "nav.ftl"("en", UTF-8, parsed); will try to load it.
  [main] DEBUG freemarker.cache  - TemplateLoader.findTemplateSource("nav_en.ftl"): Not found
  [main] DEBUG freemarker.cache  - TemplateLoader.findTemplateSource("nav.ftl"): Found
  [main] DEBUG freemarker.cache  - Loading template for "nav.ftl"("en", UTF-8, parsed) from "jar:file:/C:/Users/admin/.m2/repository/com/aventstack/extentreports/3.1.5/extentreports-3.1.5.jar!/com/aventstack/extentreports/view/html-report/nav.ftl"
  [main] DEBUG freemarker.cache  - Couldn't find template in cache for "test-view/test-view.ftl"("en", UTF-8, parsed); will try to load it.
  [main] DEBUG freemarker.cache  - TemplateLoader.findTemplateSource("test-view/test-view_en.ftl"): Not found
  [main] DEBUG freemarker.cache  - TemplateLoader.findTemplateSource("test-view/test-view.ftl"): Found
  [main] DEBUG freemarker.cache  - Loading template for "test-view/test-view.ftl"("en", UTF-8, parsed) from "jar:file:/C:/Users/admin/.m2/repository/com/aventstack/extentreports/3.1.5/extentreports-3.1.5.jar!/com/aventstack/extentreports/view/html-report/test-view/test-view.ftl"
  [main] DEBUG freemarker.cache  - Couldn't find template in cache for "test-view/test-view-charts.ftl"("en", UTF-8, parsed); will try to load it.
  [main] DEBUG freemarker.cache  - TemplateLoader.findTemplateSource("test-view/test-view-charts_en.ftl"): Not found
  [main] DEBUG freemarker.cache  - TemplateLoader.findTemplateSource("test-view/test-view-charts.ftl"): Found
  [main] DEBUG freemarker.cache  - Loading template for "test-view/test-view-charts.ftl"("en", UTF-8, parsed) from "jar:file:/C:/Users/admin/.m2/repository/com/aventstack/extentreports/3.1.5/extentreports-3.1.5.jar!/com/aventstack/extentreports/view/html-report/test-view/test-view-charts.ftl"
  [main] DEBUG freemarker.cache  - Couldn't find template in cache for "test-view/standard.ftl"("en", UTF-8, parsed); will try to load it.
  [main] DEBUG freemarker.cache  - TemplateLoader.findTemplateSource("test-view/standard_en.ftl"): Not found
  [main] DEBUG freemarker.cache  - TemplateLoader.findTemplateSource("test-view/standard.ftl"): Found
  [main] DEBUG freemarker.cache  - Loading template for "test-view/standard.ftl"("en", UTF-8, parsed) from "jar:file:/C:/Users/admin/.m2/repository/com/aventstack/extentreports/3.1.5/extentreports-3.1.5.jar!/com/aventstack/extentreports/view/html-report/test-view/standard.ftl"
  [main] DEBUG freemarker.cache  - Couldn't find template in cache for "category-view/category-view.ftl"("en", UTF-8, parsed); will try to load it.
  [main] DEBUG freemarker.cache  - TemplateLoader.findTemplateSource("category-view/category-view_en.ftl"): Not found
  [main] DEBUG freemarker.cache  - TemplateLoader.findTemplateSource("category-view/category-view.ftl"): Found
  [main] DEBUG freemarker.cache  - Loading template for "category-view/category-view.ftl"("en", UTF-8, parsed) from "jar:file:/C:/Users/admin/.m2/repository/com/aventstack/extentreports/3.1.5/extentreports-3.1.5.jar!/com/aventstack/extentreports/view/html-report/category-view/category-view.ftl"
  [main] DEBUG freemarker.cache  - Couldn't find template in cache for "author-view/author-view.ftl"("en", UTF-8, parsed); will try to load it.
  [main] DEBUG freemarker.cache  - TemplateLoader.findTemplateSource("author-view/author-view_en.ftl"): Not found
  [main] DEBUG freemarker.cache  - TemplateLoader.findTemplateSource("author-view/author-view.ftl"): Found
  [main] DEBUG freemarker.cache  - Loading template for "author-view/author-view.ftl"("en", UTF-8, parsed) from "jar:file:/C:/Users/admin/.m2/repository/com/aventstack/extentreports/3.1.5/extentreports-3.1.5.jar!/com/aventstack/extentreports/view/html-report/author-view/author-view.ftl"
  [main] DEBUG freemarker.cache  - Couldn't find template in cache for "exception-view/exception-view.ftl"("en", UTF-8, parsed); will try to load it.
  [main] DEBUG freemarker.cache  - TemplateLoader.findTemplateSource("exception-view/exception-view_en.ftl"): Not found
  [main] DEBUG freemarker.cache  - TemplateLoader.findTemplateSource("exception-view/exception-view.ftl"): Found
  [main] DEBUG freemarker.cache  - Loading template for "exception-view/exception-view.ftl"("en", UTF-8, parsed) from "jar:file:/C:/Users/admin/.m2/repository/com/aventstack/extentreports/3.1.5/extentreports-3.1.5.jar!/com/aventstack/extentreports/view/html-report/exception-view/exception-view.ftl"
  [main] DEBUG freemarker.cache  - Couldn't find template in cache for "dashboard-view/dashboard-view.ftl"("en", UTF-8, parsed); will try to load it.
  [main] DEBUG freemarker.cache  - TemplateLoader.findTemplateSource("dashboard-view/dashboard-view_en.ftl"): Not found
  [main] DEBUG freemarker.cache  - TemplateLoader.findTemplateSource("dashboard-view/dashboard-view.ftl"): Found
  [main] DEBUG freemarker.cache  - Loading template for "dashboard-view/dashboard-view.ftl"("en", UTF-8, parsed) from "jar:file:/C:/Users/admin/.m2/repository/com/aventstack/extentreports/3.1.5/extentreports-3.1.5.jar!/com/aventstack/extentreports/view/html-report/dashboard-view/dashboard-view.ftl"
  [main] DEBUG freemarker.cache  - Couldn't find template in cache for "logs-view/testrunner-logs-view.ftl"("en", UTF-8, parsed); will try to load it.
  [main] DEBUG freemarker.cache  - TemplateLoader.findTemplateSource("logs-view/testrunner-logs-view_en.ftl"): Not found
  [main] DEBUG freemarker.cache  - TemplateLoader.findTemplateSource("logs-view/testrunner-logs-view.ftl"): Found
  [main] DEBUG freemarker.cache  - Loading template for "logs-view/testrunner-logs-view.ftl"("en", UTF-8, parsed) from "jar:file:/C:/Users/admin/.m2/repository/com/aventstack/extentreports/3.1.5/extentreports-3.1.5.jar!/com/aventstack/extentreports/view/html-report/logs-view/testrunner-logs-view.ftl"
  [main] DEBUG freemarker.cache  - Couldn't find template in cache for "index.ftl"("en", UTF-8, parsed); will try to load it.
  [main] DEBUG freemarker.cache  - TemplateLoader.findTemplateSource("index_en.ftl"): Not found
  [main] DEBUG freemarker.cache  - TemplateLoader.findTemplateSource("index.ftl"): Found
  [main] DEBUG freemarker.cache  - Loading template for "index.ftl"("en", UTF-8, parsed) from "jar:file:/C:/Users/admin/.m2/repository/com/aventstack/extentreports/3.1.5/extentreports-3.1.5.jar!/com/aventstack/extentreports/view/html-report/index.ftl"
  [main] DEBUG freemarker.cache  - Couldn't find template in cache for "head.ftl"("en", UTF-8, parsed); will try to load it.
  [main] DEBUG freemarker.cache  - TemplateLoader.findTemplateSource("head_en.ftl"): Not found
  [main] DEBUG freemarker.cache  - TemplateLoader.findTemplateSource("head.ftl"): Found
  [main] DEBUG freemarker.cache  - Loading template for "head.ftl"("en", UTF-8, parsed) from "jar:file:/C:/Users/admin/.m2/repository/com/aventstack/extentreports/3.1.5/extentreports-3.1.5.jar!/com/aventstack/extentreports/view/html-report/head.ftl"
  [main] DEBUG freemarker.cache  - Couldn't find template in cache for "nav.ftl"("en", UTF-8, parsed); will try to load it.
  [main] DEBUG freemarker.cache  - TemplateLoader.findTemplateSource("nav_en.ftl"): Not found
  [main] DEBUG freemarker.cache  - TemplateLoader.findTemplateSource("nav.ftl"): Found
  [main] DEBUG freemarker.cache  - Loading template for "nav.ftl"("en", UTF-8, parsed) from "jar:file:/C:/Users/admin/.m2/repository/com/aventstack/extentreports/3.1.5/extentreports-3.1.5.jar!/com/aventstack/extentreports/view/html-report/nav.ftl"
  [main] DEBUG freemarker.cache  - Couldn't find template in cache for "test-view/test-view.ftl"("en", UTF-8, parsed); will try to load it.
  [main] DEBUG freemarker.cache  - TemplateLoader.findTemplateSource("test-view/test-view_en.ftl"): Not found
  [main] DEBUG freemarker.cache  - TemplateLoader.findTemplateSource("test-view/test-view.ftl"): Found
  [main] DEBUG freemarker.cache  - Loading template for "test-view/test-view.ftl"("en", UTF-8, parsed) from "jar:file:/C:/Users/admin/.m2/repository/com/aventstack/extentreports/3.1.5/extentreports-3.1.5.jar!/com/aventstack/extentreports/view/html-report/test-view/test-view.ftl"
  [main] DEBUG freemarker.cache  - Couldn't find template in cache for "test-view/test-view-charts.ftl"("en", UTF-8, parsed); will try to load it.
  [main] DEBUG freemarker.cache  - TemplateLoader.findTemplateSource("test-view/test-view-charts_en.ftl"): Not found
  [main] DEBUG freemarker.cache  - TemplateLoader.findTemplateSource("test-view/test-view-charts.ftl"): Found
  [main] DEBUG freemarker.cache  - Loading template for "test-view/test-view-charts.ftl"("en", UTF-8, parsed) from "jar:file:/C:/Users/admin/.m2/repository/com/aventstack/extentreports/3.1.5/extentreports-3.1.5.jar!/com/aventstack/extentreports/view/html-report/test-view/test-view-charts.ftl"
  [main] DEBUG freemarker.cache  - Couldn't find template in cache for "test-view/standard.ftl"("en", UTF-8, parsed); will try to load it.
  [main] DEBUG freemarker.cache  - TemplateLoader.findTemplateSource("test-view/standard_en.ftl"): Not found
  [main] DEBUG freemarker.cache  - TemplateLoader.findTemplateSource("test-view/standard.ftl"): Found
  [main] DEBUG freemarker.cache  - Loading template for "test-view/standard.ftl"("en", UTF-8, parsed) from "jar:file:/C:/Users/admin/.m2/repository/com/aventstack/extentreports/3.1.5/extentreports-3.1.5.jar!/com/aventstack/extentreports/view/html-report/test-view/standard.ftl"
  [main] DEBUG freemarker.cache  - Couldn't find template in cache for "category-view/category-view.ftl"("en", UTF-8, parsed); will try to load it.
  [main] DEBUG freemarker.cache  - TemplateLoader.findTemplateSource("category-view/category-view_en.ftl"): Not found
  [main] DEBUG freemarker.cache  - TemplateLoader.findTemplateSource("category-view/category-view.ftl"): Found
  [main] DEBUG freemarker.cache  - Loading template for "category-view/category-view.ftl"("en", UTF-8, parsed) from "jar:file:/C:/Users/admin/.m2/repository/com/aventstack/extentreports/3.1.5/extentreports-3.1.5.jar!/com/aventstack/extentreports/view/html-report/category-view/category-view.ftl"
  [main] DEBUG freemarker.cache  - Couldn't find template in cache for "author-view/author-view.ftl"("en", UTF-8, parsed); will try to load it.
  [main] DEBUG freemarker.cache  - TemplateLoader.findTemplateSource("author-view/author-view_en.ftl"): Not found
  [main] DEBUG freemarker.cache  - TemplateLoader.findTemplateSource("author-view/author-view.ftl"): Found
  [main] DEBUG freemarker.cache  - Loading template for "author-view/author-view.ftl"("en", UTF-8, parsed) from "jar:file:/C:/Users/admin/.m2/repository/com/aventstack/extentreports/3.1.5/extentreports-3.1.5.jar!/com/aventstack/extentreports/view/html-report/author-view/author-view.ftl"
  [main] DEBUG freemarker.cache  - Couldn't find template in cache for "exception-view/exception-view.ftl"("en", UTF-8, parsed); will try to load it.
  [main] DEBUG freemarker.cache  - TemplateLoader.findTemplateSource("exception-view/exception-view_en.ftl"): Not found
  [main] DEBUG freemarker.cache  - TemplateLoader.findTemplateSource("exception-view/exception-view.ftl"): Found
  [main] DEBUG freemarker.cache  - Loading template for "exception-view/exception-view.ftl"("en", UTF-8, parsed) from "jar:file:/C:/Users/admin/.m2/repository/com/aventstack/extentreports/3.1.5/extentreports-3.1.5.jar!/com/aventstack/extentreports/view/html-report/exception-view/exception-view.ftl"
  [main] DEBUG freemarker.cache  - Couldn't find template in cache for "dashboard-view/dashboard-view.ftl"("en", UTF-8, parsed); will try to load it.
  [main] DEBUG freemarker.cache  - TemplateLoader.findTemplateSource("dashboard-view/dashboard-view_en.ftl"): Not found
  [main] DEBUG freemarker.cache  - TemplateLoader.findTemplateSource("dashboard-view/dashboard-view.ftl"): Found
  [main] DEBUG freemarker.cache  - Loading template for "dashboard-view/dashboard-view.ftl"("en", UTF-8, parsed) from "jar:file:/C:/Users/admin/.m2/repository/com/aventstack/extentreports/3.1.5/extentreports-3.1.5.jar!/com/aventstack/extentreports/view/html-report/dashboard-view/dashboard-view.ftl"
  [main] DEBUG freemarker.cache  - Couldn't find template in cache for "logs-view/testrunner-logs-view.ftl"("en", UTF-8, parsed); will try to load it.
  [main] DEBUG freemarker.cache  - TemplateLoader.findTemplateSource("logs-view/testrunner-logs-view_en.ftl"): Not found
  [main] DEBUG freemarker.cache  - TemplateLoader.findTemplateSource("logs-view/testrunner-logs-view.ftl"): Found
  [main] DEBUG freemarker.cache  - Loading template for "logs-view/testrunner-logs-view.ftl"("en", UTF-8, parsed) from "jar:file:/C:/Users/admin/.m2/repository/com/aventstack/extentreports/3.1.5/extentreports-3.1.5.jar!/com/aventstack/extentreports/view/html-report/logs-view/testrunner-logs-view.ftl"
  [main] DEBUG freemarker.cache  - Couldn't find template in cache for "index.ftl"("en", UTF-8, parsed); will try to load it.
  [main] DEBUG freemarker.cache  - TemplateLoader.findTemplateSource("index_en.ftl"): Not found
  [main] DEBUG freemarker.cache  - TemplateLoader.findTemplateSource("index.ftl"): Found
  [main] DEBUG freemarker.cache  - Loading template for "index.ftl"("en", UTF-8, parsed) from "jar:file:/C:/Users/admin/.m2/repository/com/aventstack/extentreports/3.1.5/extentreports-3.1.5.jar!/com/aventstack/extentreports/view/html-report/index.ftl"
  [main] DEBUG freemarker.cache  - Couldn't find template in cache for "head.ftl"("en", UTF-8, parsed); will try to load it.
  [main] DEBUG freemarker.cache  - TemplateLoader.findTemplateSource("head_en.ftl"): Not found
  [main] DEBUG freemarker.cache  - TemplateLoader.findTemplateSource("head.ftl"): Found
  [main] DEBUG freemarker.cache  - Loading template for "head.ftl"("en", UTF-8, parsed) from "jar:file:/C:/Users/admin/.m2/repository/com/aventstack/extentreports/3.1.5/extentreports-3.1.5.jar!/com/aventstack/extentreports/view/html-report/head.ftl"
  [main] DEBUG freemarker.cache  - Couldn't find template in cache for "nav.ftl"("en", UTF-8, parsed); will try to load it.
  [main] DEBUG freemarker.cache  - TemplateLoader.findTemplateSource("nav_en.ftl"): Not found
  [main] DEBUG freemarker.cache  - TemplateLoader.findTemplateSource("nav.ftl"): Found
  [main] DEBUG freemarker.cache  - Loading template for "nav.ftl"("en", UTF-8, parsed) from "jar:file:/C:/Users/admin/.m2/repository/com/aventstack/extentreports/3.1.5/extentreports-3.1.5.jar!/com/aventstack/extentreports/view/html-report/nav.ftl"
  [main] DEBUG freemarker.cache  - Couldn't find template in cache for "test-view/test-view.ftl"("en", UTF-8, parsed); will try to load it.
  [main] DEBUG freemarker.cache  - TemplateLoader.findTemplateSource("test-view/test-view_en.ftl"): Not found
  [main] DEBUG freemarker.cache  - TemplateLoader.findTemplateSource("test-view/test-view.ftl"): Found
  [main] DEBUG freemarker.cache  - Loading template for "test-view/test-view.ftl"("en", UTF-8, parsed) from "jar:file:/C:/Users/admin/.m2/repository/com/aventstack/extentreports/3.1.5/extentreports-3.1.5.jar!/com/aventstack/extentreports/view/html-report/test-view/test-view.ftl"
  [main] DEBUG freemarker.cache  - Couldn't find template in cache for "test-view/test-view-charts.ftl"("en", UTF-8, parsed); will try to load it.
  [main] DEBUG freemarker.cache  - TemplateLoader.findTemplateSource("test-view/test-view-charts_en.ftl"): Not found
  [main] DEBUG freemarker.cache  - TemplateLoader.findTemplateSource("test-view/test-view-charts.ftl"): Found
  [main] DEBUG freemarker.cache  - Loading template for "test-view/test-view-charts.ftl"("en", UTF-8, parsed) from "jar:file:/C:/Users/admin/.m2/repository/com/aventstack/extentreports/3.1.5/extentreports-3.1.5.jar!/com/aventstack/extentreports/view/html-report/test-view/test-view-charts.ftl"
  [main] DEBUG freemarker.cache  - Couldn't find template in cache for "test-view/standard.ftl"("en", UTF-8, parsed); will try to load it.
  [main] DEBUG freemarker.cache  - TemplateLoader.findTemplateSource("test-view/standard_en.ftl"): Not found
  [main] DEBUG freemarker.cache  - TemplateLoader.findTemplateSource("test-view/standard.ftl"): Found
  [main] DEBUG freemarker.cache  - Loading template for "test-view/standard.ftl"("en", UTF-8, parsed) from "jar:file:/C:/Users/admin/.m2/repository/com/aventstack/extentreports/3.1.5/extentreports-3.1.5.jar!/com/aventstack/extentreports/view/html-report/test-view/standard.ftl"
  [main] DEBUG freemarker.cache  - Couldn't find template in cache for "category-view/category-view.ftl"("en", UTF-8, parsed); will try to load it.
  [main] DEBUG freemarker.cache  - TemplateLoader.findTemplateSource("category-view/category-view_en.ftl"): Not found
  [main] DEBUG freemarker.cache  - TemplateLoader.findTemplateSource("category-view/category-view.ftl"): Found
  [main] DEBUG freemarker.cache  - Loading template for "category-view/category-view.ftl"("en", UTF-8, parsed) from "jar:file:/C:/Users/admin/.m2/repository/com/aventstack/extentreports/3.1.5/extentreports-3.1.5.jar!/com/aventstack/extentreports/view/html-report/category-view/category-view.ftl"
  [main] DEBUG freemarker.cache  - Couldn't find template in cache for "author-view/author-view.ftl"("en", UTF-8, parsed); will try to load it.
  [main] DEBUG freemarker.cache  - TemplateLoader.findTemplateSource("author-view/author-view_en.ftl"): Not found
  [main] DEBUG freemarker.cache  - TemplateLoader.findTemplateSource("author-view/author-view.ftl"): Found
  [main] DEBUG freemarker.cache  - Loading template for "author-view/author-view.ftl"("en", UTF-8, parsed) from "jar:file:/C:/Users/admin/.m2/repository/com/aventstack/extentreports/3.1.5/extentreports-3.1.5.jar!/com/aventstack/extentreports/view/html-report/author-view/author-view.ftl"
  [main] DEBUG freemarker.cache  - Couldn't find template in cache for "exception-view/exception-view.ftl"("en", UTF-8, parsed); will try to load it.
  [main] DEBUG freemarker.cache  - TemplateLoader.findTemplateSource("exception-view/exception-view_en.ftl"): Not found
  [main] DEBUG freemarker.cache  - TemplateLoader.findTemplateSource("exception-view/exception-view.ftl"): Found
  [main] DEBUG freemarker.cache  - Loading template for "exception-view/exception-view.ftl"("en", UTF-8, parsed) from "jar:file:/C:/Users/admin/.m2/repository/com/aventstack/extentreports/3.1.5/extentreports-3.1.5.jar!/com/aventstack/extentreports/view/html-report/exception-view/exception-view.ftl"
  [main] DEBUG freemarker.cache  - Couldn't find template in cache for "dashboard-view/dashboard-view.ftl"("en", UTF-8, parsed); will try to load it.
  [main] DEBUG freemarker.cache  - TemplateLoader.findTemplateSource("dashboard-view/dashboard-view_en.ftl"): Not found
  [main] DEBUG freemarker.cache  - TemplateLoader.findTemplateSource("dashboard-view/dashboard-view.ftl"): Found
  [main] DEBUG freemarker.cache  - Loading template for "dashboard-view/dashboard-view.ftl"("en", UTF-8, parsed) from "jar:file:/C:/Users/admin/.m2/repository/com/aventstack/extentreports/3.1.5/extentreports-3.1.5.jar!/com/aventstack/extentreports/view/html-report/dashboard-view/dashboard-view.ftl"
  [main] DEBUG freemarker.cache  - Couldn't find template in cache for "logs-view/testrunner-logs-view.ftl"("en", UTF-8, parsed); will try to load it.
  [main] DEBUG freemarker.cache  - TemplateLoader.findTemplateSource("logs-view/testrunner-logs-view_en.ftl"): Not found
  [main] DEBUG freemarker.cache  - TemplateLoader.findTemplateSource("logs-view/testrunner-logs-view.ftl"): Found
  [main] DEBUG freemarker.cache  - Loading template for "logs-view/testrunner-logs-view.ftl"("en", UTF-8, parsed) from "jar:file:/C:/Users/admin/.m2/repository/com/aventstack/extentreports/3.1.5/extentreports-3.1.5.jar!/com/aventstack/extentreports/view/html-report/logs-view/testrunner-logs-view.ftl"
  